[2026-02-25T10:32:41.675+0000] {taskinstance.py:1956} INFO - Dependencies all met for dep_context=non-requeueable deps ti=<TaskInstance: consumer_batch_dag.run_consumer_batch manual__2026-02-25T10:32:41.033892+00:00 [queued]>
[2026-02-25T10:32:41.694+0000] {taskinstance.py:1956} INFO - Dependencies all met for dep_context=requeueable deps ti=<TaskInstance: consumer_batch_dag.run_consumer_batch manual__2026-02-25T10:32:41.033892+00:00 [queued]>
[2026-02-25T10:32:41.695+0000] {taskinstance.py:2170} INFO - Starting attempt 1 of 1
[2026-02-25T10:32:41.716+0000] {taskinstance.py:2191} INFO - Executing <Task(BashOperator): run_consumer_batch> on 2026-02-25 10:32:41.033892+00:00
[2026-02-25T10:32:41.722+0000] {standard_task_runner.py:60} INFO - Started process 1848 to run task
[2026-02-25T10:32:41.728+0000] {standard_task_runner.py:87} INFO - Running: ['***', 'tasks', 'run', 'consumer_batch_dag', 'run_consumer_batch', 'manual__2026-02-25T10:32:41.033892+00:00', '--job-id', '39', '--raw', '--subdir', 'DAGS_FOLDER/consumer_batch_dag.py', '--cfg-path', '/tmp/tmptifuh6j7']
[2026-02-25T10:32:41.735+0000] {standard_task_runner.py:88} INFO - Job 39: Subtask run_consumer_batch
[2026-02-25T10:32:41.813+0000] {task_command.py:423} INFO - Running <TaskInstance: consumer_batch_dag.run_consumer_batch manual__2026-02-25T10:32:41.033892+00:00 [running]> on host 199271ba624c
[2026-02-25T10:32:41.942+0000] {taskinstance.py:2480} INFO - Exporting env vars: AIRFLOW_CTX_DAG_OWNER='***' AIRFLOW_CTX_DAG_ID='consumer_batch_dag' AIRFLOW_CTX_TASK_ID='run_consumer_batch' AIRFLOW_CTX_EXECUTION_DATE='2026-02-25T10:32:41.033892+00:00' AIRFLOW_CTX_TRY_NUMBER='1' AIRFLOW_CTX_DAG_RUN_ID='manual__2026-02-25T10:32:41.033892+00:00'
[2026-02-25T10:32:41.944+0000] {subprocess.py:63} INFO - Tmp dir root location: /tmp
[2026-02-25T10:32:41.946+0000] {subprocess.py:75} INFO - Running command: ['/usr/bin/bash', '-c', 'python /opt/***/scripts/consumer_batch.py']
[2026-02-25T10:32:41.957+0000] {subprocess.py:86} INFO - Output:
[2026-02-25T10:32:41.998+0000] {subprocess.py:93} INFO - Traceback (most recent call last):
[2026-02-25T10:32:41.999+0000] {subprocess.py:93} INFO -   File "/opt/***/scripts/consumer_batch.py", line 1, in <module>
[2026-02-25T10:32:41.999+0000] {subprocess.py:93} INFO -     from kafka import KafkaConsumer
[2026-02-25T10:32:42.000+0000] {subprocess.py:93} INFO - ModuleNotFoundError: No module named 'kafka'
[2026-02-25T10:32:42.000+0000] {subprocess.py:97} INFO - Command exited with return code 1
[2026-02-25T10:32:42.012+0000] {taskinstance.py:2698} ERROR - Task failed with exception
Traceback (most recent call last):
  File "/home/airflow/.local/lib/python3.8/site-packages/airflow/models/taskinstance.py", line 433, in _execute_task
    result = execute_callable(context=context, **execute_callable_kwargs)
  File "/home/airflow/.local/lib/python3.8/site-packages/airflow/operators/bash.py", line 212, in execute
    raise AirflowException(
airflow.exceptions.AirflowException: Bash command failed. The command returned a non-zero exit code 1.
[2026-02-25T10:32:42.015+0000] {taskinstance.py:1138} INFO - Marking task as FAILED. dag_id=consumer_batch_dag, task_id=run_consumer_batch, execution_date=20260225T103241, start_date=20260225T103241, end_date=20260225T103242
[2026-02-25T10:32:42.032+0000] {standard_task_runner.py:107} ERROR - Failed to execute job 39 for task run_consumer_batch (Bash command failed. The command returned a non-zero exit code 1.; 1848)
[2026-02-25T10:32:42.068+0000] {local_task_job_runner.py:234} INFO - Task exited with return code 1
[2026-02-25T10:32:42.085+0000] {taskinstance.py:3280} INFO - 0 downstream tasks scheduled from follow-on schedule check
