[2026-02-25T10:56:13.530+0000] {taskinstance.py:1956} INFO - Dependencies all met for dep_context=non-requeueable deps ti=<TaskInstance: consumer_batch_dag.run_consumer_batch manual__2026-02-25T10:56:12.714665+00:00 [queued]>
[2026-02-25T10:56:13.539+0000] {taskinstance.py:1956} INFO - Dependencies all met for dep_context=requeueable deps ti=<TaskInstance: consumer_batch_dag.run_consumer_batch manual__2026-02-25T10:56:12.714665+00:00 [queued]>
[2026-02-25T10:56:13.540+0000] {taskinstance.py:2170} INFO - Starting attempt 1 of 1
[2026-02-25T10:56:13.559+0000] {taskinstance.py:2191} INFO - Executing <Task(PythonOperator): run_consumer_batch> on 2026-02-25 10:56:12.714665+00:00
[2026-02-25T10:56:13.565+0000] {standard_task_runner.py:60} INFO - Started process 233 to run task
[2026-02-25T10:56:13.569+0000] {standard_task_runner.py:87} INFO - Running: ['***', 'tasks', 'run', 'consumer_batch_dag', 'run_consumer_batch', 'manual__2026-02-25T10:56:12.714665+00:00', '--job-id', '5', '--raw', '--subdir', 'DAGS_FOLDER/consumer_batch_dag.py', '--cfg-path', '/tmp/tmppi8pd9rg']
[2026-02-25T10:56:13.571+0000] {standard_task_runner.py:88} INFO - Job 5: Subtask run_consumer_batch
[2026-02-25T10:56:13.637+0000] {task_command.py:423} INFO - Running <TaskInstance: consumer_batch_dag.run_consumer_batch manual__2026-02-25T10:56:12.714665+00:00 [running]> on host c632d77f4c96
[2026-02-25T10:56:13.727+0000] {taskinstance.py:2480} INFO - Exporting env vars: AIRFLOW_CTX_DAG_OWNER='***' AIRFLOW_CTX_DAG_ID='consumer_batch_dag' AIRFLOW_CTX_TASK_ID='run_consumer_batch' AIRFLOW_CTX_EXECUTION_DATE='2026-02-25T10:56:12.714665+00:00' AIRFLOW_CTX_TRY_NUMBER='1' AIRFLOW_CTX_DAG_RUN_ID='manual__2026-02-25T10:56:12.714665+00:00'
[2026-02-25T10:56:13.736+0000] {taskinstance.py:2698} ERROR - Task failed with exception
Traceback (most recent call last):
  File "/home/airflow/.local/lib/python3.8/site-packages/airflow/models/taskinstance.py", line 433, in _execute_task
    result = execute_callable(context=context, **execute_callable_kwargs)
  File "/home/airflow/.local/lib/python3.8/site-packages/airflow/operators/python.py", line 199, in execute
    return_value = self.execute_callable()
  File "/home/airflow/.local/lib/python3.8/site-packages/airflow/operators/python.py", line 216, in execute_callable
    return self.python_callable(*self.op_args, **self.op_kwargs)
  File "/opt/airflow/dags/consumer_batch_dag.py", line 11, in import_and_run
    from consumer_batch import run_consumer_batch
  File "/opt/airflow/scripts/consumer_batch.py", line 2, in <module>
    from kafka import KafkaConsumer
ModuleNotFoundError: No module named 'kafka'
[2026-02-25T10:56:13.750+0000] {taskinstance.py:1138} INFO - Marking task as FAILED. dag_id=consumer_batch_dag, task_id=run_consumer_batch, execution_date=20260225T105612, start_date=20260225T105613, end_date=20260225T105613
[2026-02-25T10:56:13.765+0000] {standard_task_runner.py:107} ERROR - Failed to execute job 5 for task run_consumer_batch (No module named 'kafka'; 233)
[2026-02-25T10:56:13.782+0000] {local_task_job_runner.py:234} INFO - Task exited with return code 1
[2026-02-25T10:56:13.800+0000] {taskinstance.py:3280} INFO - 0 downstream tasks scheduled from follow-on schedule check
