[2026-02-25T10:29:21.735+0000] {taskinstance.py:1956} INFO - Dependencies all met for dep_context=non-requeueable deps ti=<TaskInstance: consumer_batch_dag.run_consumer_batch manual__2026-02-25T10:29:20.566348+00:00 [queued]>
[2026-02-25T10:29:21.744+0000] {taskinstance.py:1956} INFO - Dependencies all met for dep_context=requeueable deps ti=<TaskInstance: consumer_batch_dag.run_consumer_batch manual__2026-02-25T10:29:20.566348+00:00 [queued]>
[2026-02-25T10:29:21.745+0000] {taskinstance.py:2170} INFO - Starting attempt 1 of 1
[2026-02-25T10:29:21.764+0000] {taskinstance.py:2191} INFO - Executing <Task(BashOperator): run_consumer_batch> on 2026-02-25 10:29:20.566348+00:00
[2026-02-25T10:29:21.769+0000] {standard_task_runner.py:60} INFO - Started process 1780 to run task
[2026-02-25T10:29:21.773+0000] {standard_task_runner.py:87} INFO - Running: ['***', 'tasks', 'run', 'consumer_batch_dag', 'run_consumer_batch', 'manual__2026-02-25T10:29:20.566348+00:00', '--job-id', '38', '--raw', '--subdir', 'DAGS_FOLDER/consumer_batch_dag.py', '--cfg-path', '/tmp/tmpv9zfdr0w']
[2026-02-25T10:29:21.776+0000] {standard_task_runner.py:88} INFO - Job 38: Subtask run_consumer_batch
[2026-02-25T10:29:21.855+0000] {task_command.py:423} INFO - Running <TaskInstance: consumer_batch_dag.run_consumer_batch manual__2026-02-25T10:29:20.566348+00:00 [running]> on host 199271ba624c
[2026-02-25T10:29:21.980+0000] {taskinstance.py:2480} INFO - Exporting env vars: AIRFLOW_CTX_DAG_OWNER='***' AIRFLOW_CTX_DAG_ID='consumer_batch_dag' AIRFLOW_CTX_TASK_ID='run_consumer_batch' AIRFLOW_CTX_EXECUTION_DATE='2026-02-25T10:29:20.566348+00:00' AIRFLOW_CTX_TRY_NUMBER='1' AIRFLOW_CTX_DAG_RUN_ID='manual__2026-02-25T10:29:20.566348+00:00'
[2026-02-25T10:29:21.983+0000] {subprocess.py:63} INFO - Tmp dir root location: /tmp
[2026-02-25T10:29:21.985+0000] {subprocess.py:75} INFO - Running command: ['/usr/bin/bash', '-c', 'python /opt/***/scripts/consumer_batch.py']
[2026-02-25T10:29:21.996+0000] {subprocess.py:86} INFO - Output:
[2026-02-25T10:29:22.034+0000] {subprocess.py:93} INFO - Traceback (most recent call last):
[2026-02-25T10:29:22.035+0000] {subprocess.py:93} INFO -   File "/opt/***/scripts/consumer_batch.py", line 1, in <module>
[2026-02-25T10:29:22.035+0000] {subprocess.py:93} INFO -     from kafka import KafkaConsumer
[2026-02-25T10:29:22.035+0000] {subprocess.py:93} INFO - ModuleNotFoundError: No module named 'kafka'
[2026-02-25T10:29:22.036+0000] {subprocess.py:97} INFO - Command exited with return code 1
[2026-02-25T10:29:22.047+0000] {taskinstance.py:2698} ERROR - Task failed with exception
Traceback (most recent call last):
  File "/home/airflow/.local/lib/python3.8/site-packages/airflow/models/taskinstance.py", line 433, in _execute_task
    result = execute_callable(context=context, **execute_callable_kwargs)
  File "/home/airflow/.local/lib/python3.8/site-packages/airflow/operators/bash.py", line 212, in execute
    raise AirflowException(
airflow.exceptions.AirflowException: Bash command failed. The command returned a non-zero exit code 1.
[2026-02-25T10:29:22.051+0000] {taskinstance.py:1138} INFO - Marking task as FAILED. dag_id=consumer_batch_dag, task_id=run_consumer_batch, execution_date=20260225T102920, start_date=20260225T102921, end_date=20260225T102922
[2026-02-25T10:29:22.066+0000] {standard_task_runner.py:107} ERROR - Failed to execute job 38 for task run_consumer_batch (Bash command failed. The command returned a non-zero exit code 1.; 1780)
[2026-02-25T10:29:22.107+0000] {local_task_job_runner.py:234} INFO - Task exited with return code 1
[2026-02-25T10:29:22.128+0000] {taskinstance.py:3280} INFO - 0 downstream tasks scheduled from follow-on schedule check
