[2026-02-24T16:26:51.072+0000] {processor.py:161} INFO - Started process (PID=167) to work on /opt/airflow/dags/kafka_to_elastic_dag.py
[2026-02-24T16:26:51.074+0000] {processor.py:830} INFO - Processing file /opt/airflow/dags/kafka_to_elastic_dag.py for tasks to queue
[2026-02-24T16:26:51.077+0000] {logging_mixin.py:188} INFO - [2026-02-24T16:26:51.076+0000] {dagbag.py:538} INFO - Filling up the DagBag from /opt/airflow/dags/kafka_to_elastic_dag.py
[2026-02-24T16:26:51.113+0000] {logging_mixin.py:188} INFO - [2026-02-24T16:26:51.106+0000] {dagbag.py:348} ERROR - Failed to import: /opt/airflow/dags/kafka_to_elastic_dag.py
Traceback (most recent call last):
  File "/home/airflow/.local/lib/python3.8/site-packages/airflow/models/dagbag.py", line 344, in parse
    loader.exec_module(new_module)
  File "<frozen importlib._bootstrap_external>", line 843, in exec_module
  File "<frozen importlib._bootstrap>", line 219, in _call_with_frames_removed
  File "/opt/airflow/dags/kafka_to_elastic_dag.py", line 5, in <module>
    with DAG(
TypeError: __init__() got an unexpected keyword argument 'retries'
[2026-02-24T16:26:51.114+0000] {processor.py:842} WARNING - No viable dags retrieved from /opt/airflow/dags/kafka_to_elastic_dag.py
[2026-02-24T16:26:51.194+0000] {processor.py:183} INFO - Processing /opt/airflow/dags/kafka_to_elastic_dag.py took 0.131 seconds
[2026-02-24T16:27:21.295+0000] {processor.py:161} INFO - Started process (PID=172) to work on /opt/airflow/dags/kafka_to_elastic_dag.py
[2026-02-24T16:27:21.297+0000] {processor.py:830} INFO - Processing file /opt/airflow/dags/kafka_to_elastic_dag.py for tasks to queue
[2026-02-24T16:27:21.299+0000] {logging_mixin.py:188} INFO - [2026-02-24T16:27:21.299+0000] {dagbag.py:538} INFO - Filling up the DagBag from /opt/airflow/dags/kafka_to_elastic_dag.py
[2026-02-24T16:27:21.326+0000] {logging_mixin.py:188} INFO - [2026-02-24T16:27:21.320+0000] {dagbag.py:348} ERROR - Failed to import: /opt/airflow/dags/kafka_to_elastic_dag.py
Traceback (most recent call last):
  File "/home/airflow/.local/lib/python3.8/site-packages/airflow/models/dagbag.py", line 344, in parse
    loader.exec_module(new_module)
  File "<frozen importlib._bootstrap_external>", line 843, in exec_module
  File "<frozen importlib._bootstrap>", line 219, in _call_with_frames_removed
  File "/opt/airflow/dags/kafka_to_elastic_dag.py", line 5, in <module>
    with DAG(
TypeError: __init__() got an unexpected keyword argument 'retries'
[2026-02-24T16:27:21.328+0000] {processor.py:842} WARNING - No viable dags retrieved from /opt/airflow/dags/kafka_to_elastic_dag.py
[2026-02-24T16:27:21.368+0000] {processor.py:183} INFO - Processing /opt/airflow/dags/kafka_to_elastic_dag.py took 0.078 seconds
[2026-02-24T16:27:51.540+0000] {processor.py:161} INFO - Started process (PID=177) to work on /opt/airflow/dags/kafka_to_elastic_dag.py
[2026-02-24T16:27:51.541+0000] {processor.py:830} INFO - Processing file /opt/airflow/dags/kafka_to_elastic_dag.py for tasks to queue
[2026-02-24T16:27:51.543+0000] {logging_mixin.py:188} INFO - [2026-02-24T16:27:51.542+0000] {dagbag.py:538} INFO - Filling up the DagBag from /opt/airflow/dags/kafka_to_elastic_dag.py
[2026-02-24T16:27:51.565+0000] {logging_mixin.py:188} INFO - [2026-02-24T16:27:51.560+0000] {dagbag.py:348} ERROR - Failed to import: /opt/airflow/dags/kafka_to_elastic_dag.py
Traceback (most recent call last):
  File "/home/airflow/.local/lib/python3.8/site-packages/airflow/models/dagbag.py", line 344, in parse
    loader.exec_module(new_module)
  File "<frozen importlib._bootstrap_external>", line 843, in exec_module
  File "<frozen importlib._bootstrap>", line 219, in _call_with_frames_removed
  File "/opt/airflow/dags/kafka_to_elastic_dag.py", line 5, in <module>
    with DAG(
TypeError: __init__() got an unexpected keyword argument 'retries'
[2026-02-24T16:27:51.566+0000] {processor.py:842} WARNING - No viable dags retrieved from /opt/airflow/dags/kafka_to_elastic_dag.py
[2026-02-24T16:27:51.598+0000] {processor.py:183} INFO - Processing /opt/airflow/dags/kafka_to_elastic_dag.py took 0.063 seconds
[2026-02-24T16:28:21.881+0000] {processor.py:161} INFO - Started process (PID=182) to work on /opt/airflow/dags/kafka_to_elastic_dag.py
[2026-02-24T16:28:21.883+0000] {processor.py:830} INFO - Processing file /opt/airflow/dags/kafka_to_elastic_dag.py for tasks to queue
[2026-02-24T16:28:21.884+0000] {logging_mixin.py:188} INFO - [2026-02-24T16:28:21.883+0000] {dagbag.py:538} INFO - Filling up the DagBag from /opt/airflow/dags/kafka_to_elastic_dag.py
[2026-02-24T16:28:21.896+0000] {logging_mixin.py:188} INFO - [2026-02-24T16:28:21.893+0000] {dagbag.py:348} ERROR - Failed to import: /opt/airflow/dags/kafka_to_elastic_dag.py
Traceback (most recent call last):
  File "/home/airflow/.local/lib/python3.8/site-packages/airflow/models/dagbag.py", line 344, in parse
    loader.exec_module(new_module)
  File "<frozen importlib._bootstrap_external>", line 843, in exec_module
  File "<frozen importlib._bootstrap>", line 219, in _call_with_frames_removed
  File "/opt/airflow/dags/kafka_to_elastic_dag.py", line 5, in <module>
    with DAG(
TypeError: __init__() got an unexpected keyword argument 'retries'
[2026-02-24T16:28:21.897+0000] {processor.py:842} WARNING - No viable dags retrieved from /opt/airflow/dags/kafka_to_elastic_dag.py
[2026-02-24T16:28:21.966+0000] {processor.py:183} INFO - Processing /opt/airflow/dags/kafka_to_elastic_dag.py took 0.088 seconds
[2026-02-24T16:28:52.166+0000] {processor.py:161} INFO - Started process (PID=187) to work on /opt/airflow/dags/kafka_to_elastic_dag.py
[2026-02-24T16:28:52.168+0000] {processor.py:830} INFO - Processing file /opt/airflow/dags/kafka_to_elastic_dag.py for tasks to queue
[2026-02-24T16:28:52.169+0000] {logging_mixin.py:188} INFO - [2026-02-24T16:28:52.168+0000] {dagbag.py:538} INFO - Filling up the DagBag from /opt/airflow/dags/kafka_to_elastic_dag.py
[2026-02-24T16:28:52.182+0000] {logging_mixin.py:188} INFO - [2026-02-24T16:28:52.178+0000] {dagbag.py:348} ERROR - Failed to import: /opt/airflow/dags/kafka_to_elastic_dag.py
Traceback (most recent call last):
  File "/home/airflow/.local/lib/python3.8/site-packages/airflow/models/dagbag.py", line 344, in parse
    loader.exec_module(new_module)
  File "<frozen importlib._bootstrap_external>", line 843, in exec_module
  File "<frozen importlib._bootstrap>", line 219, in _call_with_frames_removed
  File "/opt/airflow/dags/kafka_to_elastic_dag.py", line 5, in <module>
    with DAG(
TypeError: __init__() got an unexpected keyword argument 'retries'
[2026-02-24T16:28:52.183+0000] {processor.py:842} WARNING - No viable dags retrieved from /opt/airflow/dags/kafka_to_elastic_dag.py
[2026-02-24T16:28:52.208+0000] {processor.py:183} INFO - Processing /opt/airflow/dags/kafka_to_elastic_dag.py took 0.046 seconds
[2026-02-24T16:29:22.484+0000] {processor.py:161} INFO - Started process (PID=192) to work on /opt/airflow/dags/kafka_to_elastic_dag.py
[2026-02-24T16:29:22.485+0000] {processor.py:830} INFO - Processing file /opt/airflow/dags/kafka_to_elastic_dag.py for tasks to queue
[2026-02-24T16:29:22.486+0000] {logging_mixin.py:188} INFO - [2026-02-24T16:29:22.486+0000] {dagbag.py:538} INFO - Filling up the DagBag from /opt/airflow/dags/kafka_to_elastic_dag.py
[2026-02-24T16:29:22.503+0000] {logging_mixin.py:188} INFO - [2026-02-24T16:29:22.499+0000] {dagbag.py:348} ERROR - Failed to import: /opt/airflow/dags/kafka_to_elastic_dag.py
Traceback (most recent call last):
  File "/home/airflow/.local/lib/python3.8/site-packages/airflow/models/dagbag.py", line 344, in parse
    loader.exec_module(new_module)
  File "<frozen importlib._bootstrap_external>", line 843, in exec_module
  File "<frozen importlib._bootstrap>", line 219, in _call_with_frames_removed
  File "/opt/airflow/dags/kafka_to_elastic_dag.py", line 5, in <module>
    with DAG(
TypeError: __init__() got an unexpected keyword argument 'retries'
[2026-02-24T16:29:22.504+0000] {processor.py:842} WARNING - No viable dags retrieved from /opt/airflow/dags/kafka_to_elastic_dag.py
[2026-02-24T16:29:22.535+0000] {processor.py:183} INFO - Processing /opt/airflow/dags/kafka_to_elastic_dag.py took 0.056 seconds
[2026-02-24T16:29:52.757+0000] {processor.py:161} INFO - Started process (PID=197) to work on /opt/airflow/dags/kafka_to_elastic_dag.py
[2026-02-24T16:29:52.758+0000] {processor.py:830} INFO - Processing file /opt/airflow/dags/kafka_to_elastic_dag.py for tasks to queue
[2026-02-24T16:29:52.759+0000] {logging_mixin.py:188} INFO - [2026-02-24T16:29:52.759+0000] {dagbag.py:538} INFO - Filling up the DagBag from /opt/airflow/dags/kafka_to_elastic_dag.py
[2026-02-24T16:29:52.775+0000] {logging_mixin.py:188} INFO - [2026-02-24T16:29:52.771+0000] {dagbag.py:348} ERROR - Failed to import: /opt/airflow/dags/kafka_to_elastic_dag.py
Traceback (most recent call last):
  File "/home/airflow/.local/lib/python3.8/site-packages/airflow/models/dagbag.py", line 344, in parse
    loader.exec_module(new_module)
  File "<frozen importlib._bootstrap_external>", line 843, in exec_module
  File "<frozen importlib._bootstrap>", line 219, in _call_with_frames_removed
  File "/opt/airflow/dags/kafka_to_elastic_dag.py", line 5, in <module>
    with DAG(
TypeError: __init__() got an unexpected keyword argument 'retries'
[2026-02-24T16:29:52.776+0000] {processor.py:842} WARNING - No viable dags retrieved from /opt/airflow/dags/kafka_to_elastic_dag.py
[2026-02-24T16:29:52.799+0000] {processor.py:183} INFO - Processing /opt/airflow/dags/kafka_to_elastic_dag.py took 0.046 seconds
[2026-02-24T16:30:23.057+0000] {processor.py:161} INFO - Started process (PID=202) to work on /opt/airflow/dags/kafka_to_elastic_dag.py
[2026-02-24T16:30:23.059+0000] {processor.py:830} INFO - Processing file /opt/airflow/dags/kafka_to_elastic_dag.py for tasks to queue
[2026-02-24T16:30:23.060+0000] {logging_mixin.py:188} INFO - [2026-02-24T16:30:23.060+0000] {dagbag.py:538} INFO - Filling up the DagBag from /opt/airflow/dags/kafka_to_elastic_dag.py
[2026-02-24T16:30:23.075+0000] {logging_mixin.py:188} INFO - [2026-02-24T16:30:23.071+0000] {dagbag.py:348} ERROR - Failed to import: /opt/airflow/dags/kafka_to_elastic_dag.py
Traceback (most recent call last):
  File "/home/airflow/.local/lib/python3.8/site-packages/airflow/models/dagbag.py", line 344, in parse
    loader.exec_module(new_module)
  File "<frozen importlib._bootstrap_external>", line 843, in exec_module
  File "<frozen importlib._bootstrap>", line 219, in _call_with_frames_removed
  File "/opt/airflow/dags/kafka_to_elastic_dag.py", line 5, in <module>
    with DAG(
TypeError: __init__() got an unexpected keyword argument 'retries'
[2026-02-24T16:30:23.076+0000] {processor.py:842} WARNING - No viable dags retrieved from /opt/airflow/dags/kafka_to_elastic_dag.py
[2026-02-24T16:30:23.108+0000] {processor.py:183} INFO - Processing /opt/airflow/dags/kafka_to_elastic_dag.py took 0.055 seconds
[2026-02-24T16:30:53.300+0000] {processor.py:161} INFO - Started process (PID=207) to work on /opt/airflow/dags/kafka_to_elastic_dag.py
[2026-02-24T16:30:53.301+0000] {processor.py:830} INFO - Processing file /opt/airflow/dags/kafka_to_elastic_dag.py for tasks to queue
[2026-02-24T16:30:53.302+0000] {logging_mixin.py:188} INFO - [2026-02-24T16:30:53.302+0000] {dagbag.py:538} INFO - Filling up the DagBag from /opt/airflow/dags/kafka_to_elastic_dag.py
[2026-02-24T16:30:53.317+0000] {logging_mixin.py:188} INFO - [2026-02-24T16:30:53.313+0000] {dagbag.py:348} ERROR - Failed to import: /opt/airflow/dags/kafka_to_elastic_dag.py
Traceback (most recent call last):
  File "/home/airflow/.local/lib/python3.8/site-packages/airflow/models/dagbag.py", line 344, in parse
    loader.exec_module(new_module)
  File "<frozen importlib._bootstrap_external>", line 843, in exec_module
  File "<frozen importlib._bootstrap>", line 219, in _call_with_frames_removed
  File "/opt/airflow/dags/kafka_to_elastic_dag.py", line 5, in <module>
    with DAG(
TypeError: __init__() got an unexpected keyword argument 'retries'
[2026-02-24T16:30:53.319+0000] {processor.py:842} WARNING - No viable dags retrieved from /opt/airflow/dags/kafka_to_elastic_dag.py
[2026-02-24T16:30:53.355+0000] {processor.py:183} INFO - Processing /opt/airflow/dags/kafka_to_elastic_dag.py took 0.058 seconds
[2026-02-24T16:31:23.576+0000] {processor.py:161} INFO - Started process (PID=212) to work on /opt/airflow/dags/kafka_to_elastic_dag.py
[2026-02-24T16:31:23.577+0000] {processor.py:830} INFO - Processing file /opt/airflow/dags/kafka_to_elastic_dag.py for tasks to queue
[2026-02-24T16:31:23.578+0000] {logging_mixin.py:188} INFO - [2026-02-24T16:31:23.578+0000] {dagbag.py:538} INFO - Filling up the DagBag from /opt/airflow/dags/kafka_to_elastic_dag.py
[2026-02-24T16:31:23.594+0000] {logging_mixin.py:188} INFO - [2026-02-24T16:31:23.589+0000] {dagbag.py:348} ERROR - Failed to import: /opt/airflow/dags/kafka_to_elastic_dag.py
Traceback (most recent call last):
  File "/home/airflow/.local/lib/python3.8/site-packages/airflow/models/dagbag.py", line 344, in parse
    loader.exec_module(new_module)
  File "<frozen importlib._bootstrap_external>", line 843, in exec_module
  File "<frozen importlib._bootstrap>", line 219, in _call_with_frames_removed
  File "/opt/airflow/dags/kafka_to_elastic_dag.py", line 5, in <module>
    with DAG(
TypeError: __init__() got an unexpected keyword argument 'retries'
[2026-02-24T16:31:23.596+0000] {processor.py:842} WARNING - No viable dags retrieved from /opt/airflow/dags/kafka_to_elastic_dag.py
[2026-02-24T16:31:23.627+0000] {processor.py:183} INFO - Processing /opt/airflow/dags/kafka_to_elastic_dag.py took 0.054 seconds
[2026-02-24T16:31:53.920+0000] {processor.py:161} INFO - Started process (PID=217) to work on /opt/airflow/dags/kafka_to_elastic_dag.py
[2026-02-24T16:31:53.922+0000] {processor.py:830} INFO - Processing file /opt/airflow/dags/kafka_to_elastic_dag.py for tasks to queue
[2026-02-24T16:31:53.923+0000] {logging_mixin.py:188} INFO - [2026-02-24T16:31:53.923+0000] {dagbag.py:538} INFO - Filling up the DagBag from /opt/airflow/dags/kafka_to_elastic_dag.py
[2026-02-24T16:31:53.939+0000] {logging_mixin.py:188} INFO - [2026-02-24T16:31:53.935+0000] {dagbag.py:348} ERROR - Failed to import: /opt/airflow/dags/kafka_to_elastic_dag.py
Traceback (most recent call last):
  File "/home/airflow/.local/lib/python3.8/site-packages/airflow/models/dagbag.py", line 344, in parse
    loader.exec_module(new_module)
  File "<frozen importlib._bootstrap_external>", line 843, in exec_module
  File "<frozen importlib._bootstrap>", line 219, in _call_with_frames_removed
  File "/opt/airflow/dags/kafka_to_elastic_dag.py", line 5, in <module>
    with DAG(
TypeError: __init__() got an unexpected keyword argument 'retries'
[2026-02-24T16:31:53.940+0000] {processor.py:842} WARNING - No viable dags retrieved from /opt/airflow/dags/kafka_to_elastic_dag.py
[2026-02-24T16:31:53.968+0000] {processor.py:183} INFO - Processing /opt/airflow/dags/kafka_to_elastic_dag.py took 0.052 seconds
[2026-02-24T16:32:24.186+0000] {processor.py:161} INFO - Started process (PID=222) to work on /opt/airflow/dags/kafka_to_elastic_dag.py
[2026-02-24T16:32:24.187+0000] {processor.py:830} INFO - Processing file /opt/airflow/dags/kafka_to_elastic_dag.py for tasks to queue
[2026-02-24T16:32:24.188+0000] {logging_mixin.py:188} INFO - [2026-02-24T16:32:24.188+0000] {dagbag.py:538} INFO - Filling up the DagBag from /opt/airflow/dags/kafka_to_elastic_dag.py
[2026-02-24T16:32:24.204+0000] {logging_mixin.py:188} INFO - [2026-02-24T16:32:24.200+0000] {dagbag.py:348} ERROR - Failed to import: /opt/airflow/dags/kafka_to_elastic_dag.py
Traceback (most recent call last):
  File "/home/airflow/.local/lib/python3.8/site-packages/airflow/models/dagbag.py", line 344, in parse
    loader.exec_module(new_module)
  File "<frozen importlib._bootstrap_external>", line 843, in exec_module
  File "<frozen importlib._bootstrap>", line 219, in _call_with_frames_removed
  File "/opt/airflow/dags/kafka_to_elastic_dag.py", line 5, in <module>
    with DAG(
TypeError: __init__() got an unexpected keyword argument 'retries'
[2026-02-24T16:32:24.205+0000] {processor.py:842} WARNING - No viable dags retrieved from /opt/airflow/dags/kafka_to_elastic_dag.py
[2026-02-24T16:32:24.233+0000] {processor.py:183} INFO - Processing /opt/airflow/dags/kafka_to_elastic_dag.py took 0.050 seconds
[2026-02-24T16:32:54.441+0000] {processor.py:161} INFO - Started process (PID=227) to work on /opt/airflow/dags/kafka_to_elastic_dag.py
[2026-02-24T16:32:54.444+0000] {processor.py:830} INFO - Processing file /opt/airflow/dags/kafka_to_elastic_dag.py for tasks to queue
[2026-02-24T16:32:54.445+0000] {logging_mixin.py:188} INFO - [2026-02-24T16:32:54.445+0000] {dagbag.py:538} INFO - Filling up the DagBag from /opt/airflow/dags/kafka_to_elastic_dag.py
[2026-02-24T16:32:54.461+0000] {logging_mixin.py:188} INFO - [2026-02-24T16:32:54.458+0000] {dagbag.py:348} ERROR - Failed to import: /opt/airflow/dags/kafka_to_elastic_dag.py
Traceback (most recent call last):
  File "/home/airflow/.local/lib/python3.8/site-packages/airflow/models/dagbag.py", line 344, in parse
    loader.exec_module(new_module)
  File "<frozen importlib._bootstrap_external>", line 843, in exec_module
  File "<frozen importlib._bootstrap>", line 219, in _call_with_frames_removed
  File "/opt/airflow/dags/kafka_to_elastic_dag.py", line 5, in <module>
    with DAG(
TypeError: __init__() got an unexpected keyword argument 'retries'
[2026-02-24T16:32:54.462+0000] {processor.py:842} WARNING - No viable dags retrieved from /opt/airflow/dags/kafka_to_elastic_dag.py
[2026-02-24T16:32:54.491+0000] {processor.py:183} INFO - Processing /opt/airflow/dags/kafka_to_elastic_dag.py took 0.055 seconds
[2026-02-24T16:33:24.706+0000] {processor.py:161} INFO - Started process (PID=232) to work on /opt/airflow/dags/kafka_to_elastic_dag.py
[2026-02-24T16:33:24.708+0000] {processor.py:830} INFO - Processing file /opt/airflow/dags/kafka_to_elastic_dag.py for tasks to queue
[2026-02-24T16:33:24.709+0000] {logging_mixin.py:188} INFO - [2026-02-24T16:33:24.708+0000] {dagbag.py:538} INFO - Filling up the DagBag from /opt/airflow/dags/kafka_to_elastic_dag.py
[2026-02-24T16:33:24.724+0000] {logging_mixin.py:188} INFO - [2026-02-24T16:33:24.721+0000] {dagbag.py:348} ERROR - Failed to import: /opt/airflow/dags/kafka_to_elastic_dag.py
Traceback (most recent call last):
  File "/home/airflow/.local/lib/python3.8/site-packages/airflow/models/dagbag.py", line 344, in parse
    loader.exec_module(new_module)
  File "<frozen importlib._bootstrap_external>", line 843, in exec_module
  File "<frozen importlib._bootstrap>", line 219, in _call_with_frames_removed
  File "/opt/airflow/dags/kafka_to_elastic_dag.py", line 5, in <module>
    with DAG(
TypeError: __init__() got an unexpected keyword argument 'retries'
[2026-02-24T16:33:24.725+0000] {processor.py:842} WARNING - No viable dags retrieved from /opt/airflow/dags/kafka_to_elastic_dag.py
[2026-02-24T16:33:24.750+0000] {processor.py:183} INFO - Processing /opt/airflow/dags/kafka_to_elastic_dag.py took 0.047 seconds
[2026-02-24T16:33:54.972+0000] {processor.py:161} INFO - Started process (PID=237) to work on /opt/airflow/dags/kafka_to_elastic_dag.py
[2026-02-24T16:33:54.973+0000] {processor.py:830} INFO - Processing file /opt/airflow/dags/kafka_to_elastic_dag.py for tasks to queue
[2026-02-24T16:33:54.975+0000] {logging_mixin.py:188} INFO - [2026-02-24T16:33:54.974+0000] {dagbag.py:538} INFO - Filling up the DagBag from /opt/airflow/dags/kafka_to_elastic_dag.py
[2026-02-24T16:33:54.993+0000] {logging_mixin.py:188} INFO - [2026-02-24T16:33:54.988+0000] {dagbag.py:348} ERROR - Failed to import: /opt/airflow/dags/kafka_to_elastic_dag.py
Traceback (most recent call last):
  File "/home/airflow/.local/lib/python3.8/site-packages/airflow/models/dagbag.py", line 344, in parse
    loader.exec_module(new_module)
  File "<frozen importlib._bootstrap_external>", line 843, in exec_module
  File "<frozen importlib._bootstrap>", line 219, in _call_with_frames_removed
  File "/opt/airflow/dags/kafka_to_elastic_dag.py", line 5, in <module>
    with DAG(
TypeError: __init__() got an unexpected keyword argument 'retries'
[2026-02-24T16:33:54.994+0000] {processor.py:842} WARNING - No viable dags retrieved from /opt/airflow/dags/kafka_to_elastic_dag.py
[2026-02-24T16:33:55.022+0000] {processor.py:183} INFO - Processing /opt/airflow/dags/kafka_to_elastic_dag.py took 0.054 seconds
[2026-02-24T16:34:25.216+0000] {processor.py:161} INFO - Started process (PID=242) to work on /opt/airflow/dags/kafka_to_elastic_dag.py
[2026-02-24T16:34:25.219+0000] {processor.py:830} INFO - Processing file /opt/airflow/dags/kafka_to_elastic_dag.py for tasks to queue
[2026-02-24T16:34:25.220+0000] {logging_mixin.py:188} INFO - [2026-02-24T16:34:25.220+0000] {dagbag.py:538} INFO - Filling up the DagBag from /opt/airflow/dags/kafka_to_elastic_dag.py
[2026-02-24T16:34:25.239+0000] {logging_mixin.py:188} INFO - [2026-02-24T16:34:25.235+0000] {dagbag.py:348} ERROR - Failed to import: /opt/airflow/dags/kafka_to_elastic_dag.py
Traceback (most recent call last):
  File "/home/airflow/.local/lib/python3.8/site-packages/airflow/models/dagbag.py", line 344, in parse
    loader.exec_module(new_module)
  File "<frozen importlib._bootstrap_external>", line 843, in exec_module
  File "<frozen importlib._bootstrap>", line 219, in _call_with_frames_removed
  File "/opt/airflow/dags/kafka_to_elastic_dag.py", line 5, in <module>
    with DAG(
TypeError: __init__() got an unexpected keyword argument 'retries'
[2026-02-24T16:34:25.240+0000] {processor.py:842} WARNING - No viable dags retrieved from /opt/airflow/dags/kafka_to_elastic_dag.py
[2026-02-24T16:34:25.305+0000] {processor.py:183} INFO - Processing /opt/airflow/dags/kafka_to_elastic_dag.py took 0.093 seconds
[2026-02-24T16:34:55.553+0000] {processor.py:161} INFO - Started process (PID=247) to work on /opt/airflow/dags/kafka_to_elastic_dag.py
[2026-02-24T16:34:55.555+0000] {processor.py:830} INFO - Processing file /opt/airflow/dags/kafka_to_elastic_dag.py for tasks to queue
[2026-02-24T16:34:55.556+0000] {logging_mixin.py:188} INFO - [2026-02-24T16:34:55.556+0000] {dagbag.py:538} INFO - Filling up the DagBag from /opt/airflow/dags/kafka_to_elastic_dag.py
[2026-02-24T16:34:55.571+0000] {logging_mixin.py:188} INFO - [2026-02-24T16:34:55.568+0000] {dagbag.py:348} ERROR - Failed to import: /opt/airflow/dags/kafka_to_elastic_dag.py
Traceback (most recent call last):
  File "/home/airflow/.local/lib/python3.8/site-packages/airflow/models/dagbag.py", line 344, in parse
    loader.exec_module(new_module)
  File "<frozen importlib._bootstrap_external>", line 843, in exec_module
  File "<frozen importlib._bootstrap>", line 219, in _call_with_frames_removed
  File "/opt/airflow/dags/kafka_to_elastic_dag.py", line 5, in <module>
    with DAG(
TypeError: __init__() got an unexpected keyword argument 'retries'
[2026-02-24T16:34:55.572+0000] {processor.py:842} WARNING - No viable dags retrieved from /opt/airflow/dags/kafka_to_elastic_dag.py
[2026-02-24T16:34:55.598+0000] {processor.py:183} INFO - Processing /opt/airflow/dags/kafka_to_elastic_dag.py took 0.048 seconds
[2026-02-24T16:35:25.831+0000] {processor.py:161} INFO - Started process (PID=252) to work on /opt/airflow/dags/kafka_to_elastic_dag.py
[2026-02-24T16:35:25.832+0000] {processor.py:830} INFO - Processing file /opt/airflow/dags/kafka_to_elastic_dag.py for tasks to queue
[2026-02-24T16:35:25.834+0000] {logging_mixin.py:188} INFO - [2026-02-24T16:35:25.833+0000] {dagbag.py:538} INFO - Filling up the DagBag from /opt/airflow/dags/kafka_to_elastic_dag.py
[2026-02-24T16:35:25.850+0000] {logging_mixin.py:188} INFO - [2026-02-24T16:35:25.847+0000] {dagbag.py:348} ERROR - Failed to import: /opt/airflow/dags/kafka_to_elastic_dag.py
Traceback (most recent call last):
  File "/home/airflow/.local/lib/python3.8/site-packages/airflow/models/dagbag.py", line 344, in parse
    loader.exec_module(new_module)
  File "<frozen importlib._bootstrap_external>", line 843, in exec_module
  File "<frozen importlib._bootstrap>", line 219, in _call_with_frames_removed
  File "/opt/airflow/dags/kafka_to_elastic_dag.py", line 5, in <module>
    with DAG(
TypeError: __init__() got an unexpected keyword argument 'retries'
[2026-02-24T16:35:25.851+0000] {processor.py:842} WARNING - No viable dags retrieved from /opt/airflow/dags/kafka_to_elastic_dag.py
[2026-02-24T16:35:25.877+0000] {processor.py:183} INFO - Processing /opt/airflow/dags/kafka_to_elastic_dag.py took 0.049 seconds
[2026-02-24T16:35:56.180+0000] {processor.py:161} INFO - Started process (PID=257) to work on /opt/airflow/dags/kafka_to_elastic_dag.py
[2026-02-24T16:35:56.181+0000] {processor.py:830} INFO - Processing file /opt/airflow/dags/kafka_to_elastic_dag.py for tasks to queue
[2026-02-24T16:35:56.182+0000] {logging_mixin.py:188} INFO - [2026-02-24T16:35:56.182+0000] {dagbag.py:538} INFO - Filling up the DagBag from /opt/airflow/dags/kafka_to_elastic_dag.py
[2026-02-24T16:35:56.196+0000] {logging_mixin.py:188} INFO - [2026-02-24T16:35:56.192+0000] {dagbag.py:348} ERROR - Failed to import: /opt/airflow/dags/kafka_to_elastic_dag.py
Traceback (most recent call last):
  File "/home/airflow/.local/lib/python3.8/site-packages/airflow/models/dagbag.py", line 344, in parse
    loader.exec_module(new_module)
  File "<frozen importlib._bootstrap_external>", line 843, in exec_module
  File "<frozen importlib._bootstrap>", line 219, in _call_with_frames_removed
  File "/opt/airflow/dags/kafka_to_elastic_dag.py", line 5, in <module>
    with DAG(
TypeError: __init__() got an unexpected keyword argument 'retries'
[2026-02-24T16:35:56.197+0000] {processor.py:842} WARNING - No viable dags retrieved from /opt/airflow/dags/kafka_to_elastic_dag.py
[2026-02-24T16:35:56.223+0000] {processor.py:183} INFO - Processing /opt/airflow/dags/kafka_to_elastic_dag.py took 0.048 seconds
[2026-02-24T16:36:26.463+0000] {processor.py:161} INFO - Started process (PID=262) to work on /opt/airflow/dags/kafka_to_elastic_dag.py
[2026-02-24T16:36:26.465+0000] {processor.py:830} INFO - Processing file /opt/airflow/dags/kafka_to_elastic_dag.py for tasks to queue
[2026-02-24T16:36:26.466+0000] {logging_mixin.py:188} INFO - [2026-02-24T16:36:26.466+0000] {dagbag.py:538} INFO - Filling up the DagBag from /opt/airflow/dags/kafka_to_elastic_dag.py
[2026-02-24T16:36:26.483+0000] {logging_mixin.py:188} INFO - [2026-02-24T16:36:26.479+0000] {dagbag.py:348} ERROR - Failed to import: /opt/airflow/dags/kafka_to_elastic_dag.py
Traceback (most recent call last):
  File "/home/airflow/.local/lib/python3.8/site-packages/airflow/models/dagbag.py", line 344, in parse
    loader.exec_module(new_module)
  File "<frozen importlib._bootstrap_external>", line 843, in exec_module
  File "<frozen importlib._bootstrap>", line 219, in _call_with_frames_removed
  File "/opt/airflow/dags/kafka_to_elastic_dag.py", line 5, in <module>
    with DAG(
TypeError: __init__() got an unexpected keyword argument 'retries'
[2026-02-24T16:36:26.484+0000] {processor.py:842} WARNING - No viable dags retrieved from /opt/airflow/dags/kafka_to_elastic_dag.py
[2026-02-24T16:36:26.507+0000] {processor.py:183} INFO - Processing /opt/airflow/dags/kafka_to_elastic_dag.py took 0.048 seconds
[2026-02-24T16:36:56.776+0000] {processor.py:161} INFO - Started process (PID=267) to work on /opt/airflow/dags/kafka_to_elastic_dag.py
[2026-02-24T16:36:56.777+0000] {processor.py:830} INFO - Processing file /opt/airflow/dags/kafka_to_elastic_dag.py for tasks to queue
[2026-02-24T16:36:56.778+0000] {logging_mixin.py:188} INFO - [2026-02-24T16:36:56.778+0000] {dagbag.py:538} INFO - Filling up the DagBag from /opt/airflow/dags/kafka_to_elastic_dag.py
[2026-02-24T16:36:56.792+0000] {logging_mixin.py:188} INFO - [2026-02-24T16:36:56.789+0000] {dagbag.py:348} ERROR - Failed to import: /opt/airflow/dags/kafka_to_elastic_dag.py
Traceback (most recent call last):
  File "/home/airflow/.local/lib/python3.8/site-packages/airflow/models/dagbag.py", line 344, in parse
    loader.exec_module(new_module)
  File "<frozen importlib._bootstrap_external>", line 843, in exec_module
  File "<frozen importlib._bootstrap>", line 219, in _call_with_frames_removed
  File "/opt/airflow/dags/kafka_to_elastic_dag.py", line 5, in <module>
    with DAG(
TypeError: __init__() got an unexpected keyword argument 'retries'
[2026-02-24T16:36:56.793+0000] {processor.py:842} WARNING - No viable dags retrieved from /opt/airflow/dags/kafka_to_elastic_dag.py
[2026-02-24T16:36:56.816+0000] {processor.py:183} INFO - Processing /opt/airflow/dags/kafka_to_elastic_dag.py took 0.043 seconds
[2026-02-24T16:37:27.081+0000] {processor.py:161} INFO - Started process (PID=272) to work on /opt/airflow/dags/kafka_to_elastic_dag.py
[2026-02-24T16:37:27.082+0000] {processor.py:830} INFO - Processing file /opt/airflow/dags/kafka_to_elastic_dag.py for tasks to queue
[2026-02-24T16:37:27.083+0000] {logging_mixin.py:188} INFO - [2026-02-24T16:37:27.083+0000] {dagbag.py:538} INFO - Filling up the DagBag from /opt/airflow/dags/kafka_to_elastic_dag.py
[2026-02-24T16:37:27.100+0000] {logging_mixin.py:188} INFO - [2026-02-24T16:37:27.096+0000] {dagbag.py:348} ERROR - Failed to import: /opt/airflow/dags/kafka_to_elastic_dag.py
Traceback (most recent call last):
  File "/home/airflow/.local/lib/python3.8/site-packages/airflow/models/dagbag.py", line 344, in parse
    loader.exec_module(new_module)
  File "<frozen importlib._bootstrap_external>", line 843, in exec_module
  File "<frozen importlib._bootstrap>", line 219, in _call_with_frames_removed
  File "/opt/airflow/dags/kafka_to_elastic_dag.py", line 5, in <module>
    with DAG(
TypeError: __init__() got an unexpected keyword argument 'retries'
[2026-02-24T16:37:27.101+0000] {processor.py:842} WARNING - No viable dags retrieved from /opt/airflow/dags/kafka_to_elastic_dag.py
[2026-02-24T16:37:27.126+0000] {processor.py:183} INFO - Processing /opt/airflow/dags/kafka_to_elastic_dag.py took 0.048 seconds
[2026-02-24T16:37:57.367+0000] {processor.py:161} INFO - Started process (PID=277) to work on /opt/airflow/dags/kafka_to_elastic_dag.py
[2026-02-24T16:37:57.368+0000] {processor.py:830} INFO - Processing file /opt/airflow/dags/kafka_to_elastic_dag.py for tasks to queue
[2026-02-24T16:37:57.369+0000] {logging_mixin.py:188} INFO - [2026-02-24T16:37:57.369+0000] {dagbag.py:538} INFO - Filling up the DagBag from /opt/airflow/dags/kafka_to_elastic_dag.py
[2026-02-24T16:37:57.383+0000] {logging_mixin.py:188} INFO - [2026-02-24T16:37:57.380+0000] {dagbag.py:348} ERROR - Failed to import: /opt/airflow/dags/kafka_to_elastic_dag.py
Traceback (most recent call last):
  File "/home/airflow/.local/lib/python3.8/site-packages/airflow/models/dagbag.py", line 344, in parse
    loader.exec_module(new_module)
  File "<frozen importlib._bootstrap_external>", line 843, in exec_module
  File "<frozen importlib._bootstrap>", line 219, in _call_with_frames_removed
  File "/opt/airflow/dags/kafka_to_elastic_dag.py", line 5, in <module>
    with DAG(
TypeError: __init__() got an unexpected keyword argument 'retries'
[2026-02-24T16:37:57.384+0000] {processor.py:842} WARNING - No viable dags retrieved from /opt/airflow/dags/kafka_to_elastic_dag.py
[2026-02-24T16:37:57.407+0000] {processor.py:183} INFO - Processing /opt/airflow/dags/kafka_to_elastic_dag.py took 0.043 seconds
[2026-02-24T16:38:27.670+0000] {processor.py:161} INFO - Started process (PID=282) to work on /opt/airflow/dags/kafka_to_elastic_dag.py
[2026-02-24T16:38:27.672+0000] {processor.py:830} INFO - Processing file /opt/airflow/dags/kafka_to_elastic_dag.py for tasks to queue
[2026-02-24T16:38:27.673+0000] {logging_mixin.py:188} INFO - [2026-02-24T16:38:27.672+0000] {dagbag.py:538} INFO - Filling up the DagBag from /opt/airflow/dags/kafka_to_elastic_dag.py
[2026-02-24T16:38:27.685+0000] {logging_mixin.py:188} INFO - [2026-02-24T16:38:27.682+0000] {dagbag.py:348} ERROR - Failed to import: /opt/airflow/dags/kafka_to_elastic_dag.py
Traceback (most recent call last):
  File "/home/airflow/.local/lib/python3.8/site-packages/airflow/models/dagbag.py", line 344, in parse
    loader.exec_module(new_module)
  File "<frozen importlib._bootstrap_external>", line 843, in exec_module
  File "<frozen importlib._bootstrap>", line 219, in _call_with_frames_removed
  File "/opt/airflow/dags/kafka_to_elastic_dag.py", line 5, in <module>
    with DAG(
TypeError: __init__() got an unexpected keyword argument 'retries'
[2026-02-24T16:38:27.687+0000] {processor.py:842} WARNING - No viable dags retrieved from /opt/airflow/dags/kafka_to_elastic_dag.py
[2026-02-24T16:38:27.711+0000] {processor.py:183} INFO - Processing /opt/airflow/dags/kafka_to_elastic_dag.py took 0.043 seconds
[2026-02-24T16:38:57.946+0000] {processor.py:161} INFO - Started process (PID=287) to work on /opt/airflow/dags/kafka_to_elastic_dag.py
[2026-02-24T16:38:57.947+0000] {processor.py:830} INFO - Processing file /opt/airflow/dags/kafka_to_elastic_dag.py for tasks to queue
[2026-02-24T16:38:57.948+0000] {logging_mixin.py:188} INFO - [2026-02-24T16:38:57.948+0000] {dagbag.py:538} INFO - Filling up the DagBag from /opt/airflow/dags/kafka_to_elastic_dag.py
[2026-02-24T16:38:57.962+0000] {logging_mixin.py:188} INFO - [2026-02-24T16:38:57.959+0000] {dagbag.py:348} ERROR - Failed to import: /opt/airflow/dags/kafka_to_elastic_dag.py
Traceback (most recent call last):
  File "/home/airflow/.local/lib/python3.8/site-packages/airflow/models/dagbag.py", line 344, in parse
    loader.exec_module(new_module)
  File "<frozen importlib._bootstrap_external>", line 843, in exec_module
  File "<frozen importlib._bootstrap>", line 219, in _call_with_frames_removed
  File "/opt/airflow/dags/kafka_to_elastic_dag.py", line 5, in <module>
    with DAG(
TypeError: __init__() got an unexpected keyword argument 'retries'
[2026-02-24T16:38:57.963+0000] {processor.py:842} WARNING - No viable dags retrieved from /opt/airflow/dags/kafka_to_elastic_dag.py
[2026-02-24T16:38:57.986+0000] {processor.py:183} INFO - Processing /opt/airflow/dags/kafka_to_elastic_dag.py took 0.043 seconds
