[2026-02-25T10:49:19.698+0000] {taskinstance.py:1956} INFO - Dependencies all met for dep_context=non-requeueable deps ti=<TaskInstance: consumer_batch_dag.run_consumer_batch manual__2026-02-25T10:49:19.176332+00:00 [queued]>
[2026-02-25T10:49:19.708+0000] {taskinstance.py:1956} INFO - Dependencies all met for dep_context=requeueable deps ti=<TaskInstance: consumer_batch_dag.run_consumer_batch manual__2026-02-25T10:49:19.176332+00:00 [queued]>
[2026-02-25T10:49:19.709+0000] {taskinstance.py:2170} INFO - Starting attempt 1 of 1
[2026-02-25T10:49:19.729+0000] {taskinstance.py:2191} INFO - Executing <Task(BashOperator): run_consumer_batch> on 2026-02-25 10:49:19.176332+00:00
[2026-02-25T10:49:19.740+0000] {standard_task_runner.py:60} INFO - Started process 241 to run task
[2026-02-25T10:49:19.747+0000] {standard_task_runner.py:87} INFO - Running: ['***', 'tasks', 'run', 'consumer_batch_dag', 'run_consumer_batch', 'manual__2026-02-25T10:49:19.176332+00:00', '--job-id', '3', '--raw', '--subdir', 'DAGS_FOLDER/consumer_batch_dag.py', '--cfg-path', '/tmp/tmp87543qoo']
[2026-02-25T10:49:19.752+0000] {standard_task_runner.py:88} INFO - Job 3: Subtask run_consumer_batch
[2026-02-25T10:49:19.856+0000] {task_command.py:423} INFO - Running <TaskInstance: consumer_batch_dag.run_consumer_batch manual__2026-02-25T10:49:19.176332+00:00 [running]> on host c632d77f4c96
[2026-02-25T10:49:19.991+0000] {taskinstance.py:2480} INFO - Exporting env vars: AIRFLOW_CTX_DAG_OWNER='***' AIRFLOW_CTX_DAG_ID='consumer_batch_dag' AIRFLOW_CTX_TASK_ID='run_consumer_batch' AIRFLOW_CTX_EXECUTION_DATE='2026-02-25T10:49:19.176332+00:00' AIRFLOW_CTX_TRY_NUMBER='1' AIRFLOW_CTX_DAG_RUN_ID='manual__2026-02-25T10:49:19.176332+00:00'
[2026-02-25T10:49:19.994+0000] {subprocess.py:63} INFO - Tmp dir root location: /tmp
[2026-02-25T10:49:20.000+0000] {subprocess.py:75} INFO - Running command: ['/usr/bin/bash', '-c', 'python /opt/***/scripts/consumer_batch.py']
[2026-02-25T10:49:20.021+0000] {subprocess.py:86} INFO - Output:
[2026-02-25T10:49:20.076+0000] {subprocess.py:93} INFO - Traceback (most recent call last):
[2026-02-25T10:49:20.077+0000] {subprocess.py:93} INFO -   File "/opt/***/scripts/consumer_batch.py", line 3, in <module>
[2026-02-25T10:49:20.077+0000] {subprocess.py:93} INFO -     from kafka import KafkaConsumer
[2026-02-25T10:49:20.078+0000] {subprocess.py:93} INFO - ModuleNotFoundError: No module named 'kafka'
[2026-02-25T10:49:20.079+0000] {subprocess.py:97} INFO - Command exited with return code 1
[2026-02-25T10:49:20.093+0000] {taskinstance.py:2698} ERROR - Task failed with exception
Traceback (most recent call last):
  File "/home/airflow/.local/lib/python3.8/site-packages/airflow/models/taskinstance.py", line 433, in _execute_task
    result = execute_callable(context=context, **execute_callable_kwargs)
  File "/home/airflow/.local/lib/python3.8/site-packages/airflow/operators/bash.py", line 212, in execute
    raise AirflowException(
airflow.exceptions.AirflowException: Bash command failed. The command returned a non-zero exit code 1.
[2026-02-25T10:49:20.097+0000] {taskinstance.py:1138} INFO - Marking task as FAILED. dag_id=consumer_batch_dag, task_id=run_consumer_batch, execution_date=20260225T104919, start_date=20260225T104919, end_date=20260225T104920
[2026-02-25T10:49:20.118+0000] {standard_task_runner.py:107} ERROR - Failed to execute job 3 for task run_consumer_batch (Bash command failed. The command returned a non-zero exit code 1.; 241)
[2026-02-25T10:49:20.165+0000] {local_task_job_runner.py:234} INFO - Task exited with return code 1
[2026-02-25T10:49:20.183+0000] {taskinstance.py:3280} INFO - 0 downstream tasks scheduled from follow-on schedule check
