[2026-02-24T15:53:37.715+0000] {manager.py:469} INFO - Processing files using up to 2 processes at a time 
[2026-02-24T15:53:37.718+0000] {manager.py:470} INFO - Process each file at most once every 30 seconds
[2026-02-24T15:53:37.719+0000] {manager.py:471} INFO - Checking for new files in /opt/airflow/dags every 300 seconds
[2026-02-24T15:53:37.720+0000] {manager.py:738} INFO - Searching for files in /opt/airflow/dags
[2026-02-24T15:53:37.737+0000] {manager.py:741} INFO - There are 0 files in /opt/airflow/dags
[2026-02-24T15:58:38.541+0000] {manager.py:738} INFO - Searching for files in /opt/airflow/dags
[2026-02-24T15:58:38.547+0000] {manager.py:741} INFO - There are 0 files in /opt/airflow/dags
[2026-02-24T16:00:17.881+0000] {manager.py:451} INFO - Exiting gracefully upon receiving signal 15
[2026-02-24T16:01:47.528+0000] {manager.py:469} INFO - Processing files using up to 2 processes at a time 
[2026-02-24T16:01:47.535+0000] {manager.py:470} INFO - Process each file at most once every 30 seconds
[2026-02-24T16:01:47.537+0000] {manager.py:471} INFO - Checking for new files in /opt/airflow/dags every 300 seconds
[2026-02-24T16:01:47.539+0000] {manager.py:738} INFO - Searching for files in /opt/airflow/dags
[2026-02-24T16:01:47.553+0000] {manager.py:741} INFO - There are 0 files in /opt/airflow/dags
[2026-02-24T16:06:48.224+0000] {manager.py:738} INFO - Searching for files in /opt/airflow/dags
[2026-02-24T16:06:48.229+0000] {manager.py:741} INFO - There are 0 files in /opt/airflow/dags
[2026-02-24T16:11:48.968+0000] {manager.py:738} INFO - Searching for files in /opt/airflow/dags
[2026-02-24T16:11:48.978+0000] {manager.py:741} INFO - There are 0 files in /opt/airflow/dags
[2026-02-24T16:16:49.716+0000] {manager.py:738} INFO - Searching for files in /opt/airflow/dags
[2026-02-24T16:16:49.722+0000] {manager.py:741} INFO - There are 0 files in /opt/airflow/dags
[2026-02-24T16:21:50.387+0000] {manager.py:738} INFO - Searching for files in /opt/airflow/dags
[2026-02-24T16:21:50.394+0000] {manager.py:741} INFO - There are 0 files in /opt/airflow/dags
[2026-02-24T16:26:50.939+0000] {manager.py:738} INFO - Searching for files in /opt/airflow/dags
[2026-02-24T16:26:50.961+0000] {manager.py:741} INFO - There are 1 files in /opt/airflow/dags
[2026-02-24T16:26:56.093+0000] {manager.py:879} INFO - 
================================================================================
DAG File Processing Stats

File Path                                  PID    Runtime      # DAGs    # Errors  Last Runtime    Last Run
-----------------------------------------  -----  ---------  --------  ----------  --------------  -------------------
/opt/airflow/dags/kafka_to_elastic_dag.py                           0           1  0.19s           2026-02-24T16:26:51
================================================================================
[2026-02-24T16:27:26.318+0000] {manager.py:879} INFO - 
================================================================================
DAG File Processing Stats

File Path                                  PID    Runtime      # DAGs    # Errors  Last Runtime    Last Run
-----------------------------------------  -----  ---------  --------  ----------  --------------  -------------------
/opt/airflow/dags/kafka_to_elastic_dag.py                           0           1  0.11s           2026-02-24T16:27:21
================================================================================
[2026-02-24T16:27:56.638+0000] {manager.py:879} INFO - 
================================================================================
DAG File Processing Stats

File Path                                  PID    Runtime      # DAGs    # Errors  Last Runtime    Last Run
-----------------------------------------  -----  ---------  --------  ----------  --------------  -------------------
/opt/airflow/dags/kafka_to_elastic_dag.py                           0           1  0.10s           2026-02-24T16:27:51
================================================================================
[2026-02-24T16:28:26.917+0000] {manager.py:879} INFO - 
================================================================================
DAG File Processing Stats

File Path                                  PID    Runtime      # DAGs    # Errors  Last Runtime    Last Run
-----------------------------------------  -----  ---------  --------  ----------  --------------  -------------------
/opt/airflow/dags/kafka_to_elastic_dag.py                           0           1  0.11s           2026-02-24T16:28:21
================================================================================
[2026-02-24T16:28:57.248+0000] {manager.py:879} INFO - 
================================================================================
DAG File Processing Stats

File Path                                  PID    Runtime      # DAGs    # Errors  Last Runtime    Last Run
-----------------------------------------  -----  ---------  --------  ----------  --------------  -------------------
/opt/airflow/dags/kafka_to_elastic_dag.py                           0           1  0.07s           2026-02-24T16:28:52
================================================================================
[2026-02-24T16:29:27.509+0000] {manager.py:879} INFO - 
================================================================================
DAG File Processing Stats

File Path                                  PID    Runtime      # DAGs    # Errors  Last Runtime    Last Run
-----------------------------------------  -----  ---------  --------  ----------  --------------  -------------------
/opt/airflow/dags/kafka_to_elastic_dag.py                           0           1  0.08s           2026-02-24T16:29:22
================================================================================
[2026-02-24T16:29:57.814+0000] {manager.py:879} INFO - 
================================================================================
DAG File Processing Stats

File Path                                  PID    Runtime      # DAGs    # Errors  Last Runtime    Last Run
-----------------------------------------  -----  ---------  --------  ----------  --------------  -------------------
/opt/airflow/dags/kafka_to_elastic_dag.py                           0           1  0.07s           2026-02-24T16:29:52
================================================================================
[2026-02-24T16:30:28.086+0000] {manager.py:879} INFO - 
================================================================================
DAG File Processing Stats

File Path                                  PID    Runtime      # DAGs    # Errors  Last Runtime    Last Run
-----------------------------------------  -----  ---------  --------  ----------  --------------  -------------------
/opt/airflow/dags/kafka_to_elastic_dag.py                           0           1  0.08s           2026-02-24T16:30:23
================================================================================
[2026-02-24T16:30:58.353+0000] {manager.py:879} INFO - 
================================================================================
DAG File Processing Stats

File Path                                  PID    Runtime      # DAGs    # Errors  Last Runtime    Last Run
-----------------------------------------  -----  ---------  --------  ----------  --------------  -------------------
/opt/airflow/dags/kafka_to_elastic_dag.py                           0           1  0.08s           2026-02-24T16:30:53
================================================================================
[2026-02-24T16:31:28.608+0000] {manager.py:879} INFO - 
================================================================================
DAG File Processing Stats

File Path                                  PID    Runtime      # DAGs    # Errors  Last Runtime    Last Run
-----------------------------------------  -----  ---------  --------  ----------  --------------  -------------------
/opt/airflow/dags/kafka_to_elastic_dag.py                           0           1  0.08s           2026-02-24T16:31:23
================================================================================
[2026-02-24T16:31:51.820+0000] {manager.py:738} INFO - Searching for files in /opt/airflow/dags
[2026-02-24T16:31:51.849+0000] {manager.py:741} INFO - There are 1 files in /opt/airflow/dags
[2026-02-24T16:31:58.949+0000] {manager.py:879} INFO - 
================================================================================
DAG File Processing Stats

File Path                                  PID    Runtime      # DAGs    # Errors  Last Runtime    Last Run
-----------------------------------------  -----  ---------  --------  ----------  --------------  -------------------
/opt/airflow/dags/kafka_to_elastic_dag.py                           0           1  0.08s           2026-02-24T16:31:53
================================================================================
[2026-02-24T16:32:29.218+0000] {manager.py:879} INFO - 
================================================================================
DAG File Processing Stats

File Path                                  PID    Runtime      # DAGs    # Errors  Last Runtime    Last Run
-----------------------------------------  -----  ---------  --------  ----------  --------------  -------------------
/opt/airflow/dags/kafka_to_elastic_dag.py                           0           1  0.08s           2026-02-24T16:32:24
================================================================================
[2026-02-24T16:32:59.489+0000] {manager.py:879} INFO - 
================================================================================
DAG File Processing Stats

File Path                                  PID    Runtime      # DAGs    # Errors  Last Runtime    Last Run
-----------------------------------------  -----  ---------  --------  ----------  --------------  -------------------
/opt/airflow/dags/kafka_to_elastic_dag.py                           0           1  0.08s           2026-02-24T16:32:54
================================================================================
[2026-02-24T16:33:29.737+0000] {manager.py:879} INFO - 
================================================================================
DAG File Processing Stats

File Path                                  PID    Runtime      # DAGs    # Errors  Last Runtime    Last Run
-----------------------------------------  -----  ---------  --------  ----------  --------------  -------------------
/opt/airflow/dags/kafka_to_elastic_dag.py                           0           1  0.08s           2026-02-24T16:33:24
================================================================================
[2026-02-24T16:34:00.008+0000] {manager.py:879} INFO - 
================================================================================
DAG File Processing Stats

File Path                                  PID    Runtime      # DAGs    # Errors  Last Runtime    Last Run
-----------------------------------------  -----  ---------  --------  ----------  --------------  -------------------
/opt/airflow/dags/kafka_to_elastic_dag.py                           0           1  0.08s           2026-02-24T16:33:55
================================================================================
[2026-02-24T16:34:30.329+0000] {manager.py:879} INFO - 
================================================================================
DAG File Processing Stats

File Path                                  PID    Runtime      # DAGs    # Errors  Last Runtime    Last Run
-----------------------------------------  -----  ---------  --------  ----------  --------------  -------------------
/opt/airflow/dags/kafka_to_elastic_dag.py                           0           1  0.12s           2026-02-24T16:34:25
================================================================================
[2026-02-24T16:35:00.591+0000] {manager.py:879} INFO - 
================================================================================
DAG File Processing Stats

File Path                                  PID    Runtime      # DAGs    # Errors  Last Runtime    Last Run
-----------------------------------------  -----  ---------  --------  ----------  --------------  -------------------
/opt/airflow/dags/kafka_to_elastic_dag.py                           0           1  0.08s           2026-02-24T16:34:55
================================================================================
[2026-02-24T16:35:30.906+0000] {manager.py:879} INFO - 
================================================================================
DAG File Processing Stats

File Path                                  PID    Runtime      # DAGs    # Errors  Last Runtime    Last Run
-----------------------------------------  -----  ---------  --------  ----------  --------------  -------------------
/opt/airflow/dags/kafka_to_elastic_dag.py                           0           1  0.08s           2026-02-24T16:35:25
================================================================================
[2026-02-24T16:36:01.215+0000] {manager.py:879} INFO - 
================================================================================
DAG File Processing Stats

File Path                                  PID    Runtime      # DAGs    # Errors  Last Runtime    Last Run
-----------------------------------------  -----  ---------  --------  ----------  --------------  -------------------
/opt/airflow/dags/kafka_to_elastic_dag.py                           0           1  0.07s           2026-02-24T16:35:56
================================================================================
[2026-02-24T16:36:31.513+0000] {manager.py:879} INFO - 
================================================================================
DAG File Processing Stats

File Path                                  PID    Runtime      # DAGs    # Errors  Last Runtime    Last Run
-----------------------------------------  -----  ---------  --------  ----------  --------------  -------------------
/opt/airflow/dags/kafka_to_elastic_dag.py                           0           1  0.07s           2026-02-24T16:36:26
================================================================================
[2026-02-24T16:36:52.679+0000] {manager.py:738} INFO - Searching for files in /opt/airflow/dags
[2026-02-24T16:36:52.701+0000] {manager.py:741} INFO - There are 1 files in /opt/airflow/dags
[2026-02-24T16:37:01.813+0000] {manager.py:879} INFO - 
================================================================================
DAG File Processing Stats

File Path                                  PID    Runtime      # DAGs    # Errors  Last Runtime    Last Run
-----------------------------------------  -----  ---------  --------  ----------  --------------  -------------------
/opt/airflow/dags/kafka_to_elastic_dag.py                           0           1  0.07s           2026-02-24T16:36:56
================================================================================
[2026-02-24T16:37:32.122+0000] {manager.py:879} INFO - 
================================================================================
DAG File Processing Stats

File Path                                  PID    Runtime      # DAGs    # Errors  Last Runtime    Last Run
-----------------------------------------  -----  ---------  --------  ----------  --------------  -------------------
/opt/airflow/dags/kafka_to_elastic_dag.py                           0           1  0.08s           2026-02-24T16:37:27
================================================================================
[2026-02-24T16:38:02.413+0000] {manager.py:879} INFO - 
================================================================================
DAG File Processing Stats

File Path                                  PID    Runtime      # DAGs    # Errors  Last Runtime    Last Run
-----------------------------------------  -----  ---------  --------  ----------  --------------  -------------------
/opt/airflow/dags/kafka_to_elastic_dag.py                           0           1  0.07s           2026-02-24T16:37:57
================================================================================
[2026-02-24T16:38:32.695+0000] {manager.py:879} INFO - 
================================================================================
DAG File Processing Stats

File Path                                  PID    Runtime      # DAGs    # Errors  Last Runtime    Last Run
-----------------------------------------  -----  ---------  --------  ----------  --------------  -------------------
/opt/airflow/dags/kafka_to_elastic_dag.py                           0           1  0.06s           2026-02-24T16:38:27
================================================================================
[2026-02-24T16:39:02.986+0000] {manager.py:879} INFO - 
================================================================================
DAG File Processing Stats

File Path                                  PID    Runtime      # DAGs    # Errors  Last Runtime    Last Run
-----------------------------------------  -----  ---------  --------  ----------  --------------  -------------------
/opt/airflow/dags/kafka_to_elastic_dag.py                           0           1  0.07s           2026-02-24T16:38:57
================================================================================
[2026-02-25T07:30:33.287+0000] {manager.py:469} INFO - Processing files using up to 2 processes at a time 
[2026-02-25T07:30:33.288+0000] {manager.py:470} INFO - Process each file at most once every 30 seconds
[2026-02-25T07:30:33.289+0000] {manager.py:471} INFO - Checking for new files in /opt/airflow/dags every 300 seconds
[2026-02-25T07:30:33.289+0000] {manager.py:738} INFO - Searching for files in /opt/airflow/dags
[2026-02-25T07:30:33.319+0000] {manager.py:741} INFO - There are 1 files in /opt/airflow/dags
[2026-02-25T07:30:33.465+0000] {manager.py:879} INFO - 
================================================================================
DAG File Processing Stats

File Path                                    PID  Runtime      # DAGs    # Errors  Last Runtime    Last Run
-----------------------------------------  -----  ---------  --------  ----------  --------------  ----------
/opt/airflow/dags/kafka_to_elastic_dag.py    166  0.06s             0           0
================================================================================
[2026-02-25T07:31:03.716+0000] {manager.py:879} INFO - 
================================================================================
DAG File Processing Stats

File Path                                    PID  Runtime      # DAGs    # Errors  Last Runtime    Last Run
-----------------------------------------  -----  ---------  --------  ----------  --------------  -------------------
/opt/airflow/dags/kafka_to_elastic_dag.py    172  0.01s             0           1  0.19s           2026-02-25T07:30:33
================================================================================
[2026-02-25T07:31:33.999+0000] {manager.py:879} INFO - 
================================================================================
DAG File Processing Stats

File Path                                    PID  Runtime      # DAGs    # Errors  Last Runtime    Last Run
-----------------------------------------  -----  ---------  --------  ----------  --------------  -------------------
/opt/airflow/dags/kafka_to_elastic_dag.py    177  0.00s             0           1  0.18s           2026-02-25T07:31:03
================================================================================
[2026-02-25T07:32:04.242+0000] {manager.py:879} INFO - 
================================================================================
DAG File Processing Stats

File Path                                    PID  Runtime      # DAGs    # Errors  Last Runtime    Last Run
-----------------------------------------  -----  ---------  --------  ----------  --------------  -------------------
/opt/airflow/dags/kafka_to_elastic_dag.py    182  0.00s             0           1  0.07s           2026-02-25T07:31:34
================================================================================
[2026-02-25T07:32:34.472+0000] {manager.py:879} INFO - 
================================================================================
DAG File Processing Stats

File Path                                    PID  Runtime      # DAGs    # Errors  Last Runtime    Last Run
-----------------------------------------  -----  ---------  --------  ----------  --------------  -------------------
/opt/airflow/dags/kafka_to_elastic_dag.py    187  0.01s             0           1  0.07s           2026-02-25T07:32:04
================================================================================
[2026-02-25T07:33:04.727+0000] {manager.py:879} INFO - 
================================================================================
DAG File Processing Stats

File Path                                    PID  Runtime      # DAGs    # Errors  Last Runtime    Last Run
-----------------------------------------  -----  ---------  --------  ----------  --------------  -------------------
/opt/airflow/dags/kafka_to_elastic_dag.py    192  0.00s             0           1  0.07s           2026-02-25T07:32:34
================================================================================
[2026-02-25T07:33:34.952+0000] {manager.py:879} INFO - 
================================================================================
DAG File Processing Stats

File Path                                    PID  Runtime      # DAGs    # Errors  Last Runtime    Last Run
-----------------------------------------  -----  ---------  --------  ----------  --------------  -------------------
/opt/airflow/dags/kafka_to_elastic_dag.py    197  0.00s             0           1  0.07s           2026-02-25T07:33:04
================================================================================
[2026-02-25T07:34:05.214+0000] {manager.py:879} INFO - 
================================================================================
DAG File Processing Stats

File Path                                    PID  Runtime      # DAGs    # Errors  Last Runtime    Last Run
-----------------------------------------  -----  ---------  --------  ----------  --------------  -------------------
/opt/airflow/dags/kafka_to_elastic_dag.py    202  0.00s             0           1  0.07s           2026-02-25T07:33:35
================================================================================
[2026-02-25T07:34:35.473+0000] {manager.py:879} INFO - 
================================================================================
DAG File Processing Stats

File Path                                    PID  Runtime      # DAGs    # Errors  Last Runtime    Last Run
-----------------------------------------  -----  ---------  --------  ----------  --------------  -------------------
/opt/airflow/dags/kafka_to_elastic_dag.py    207  0.01s             0           1  0.07s           2026-02-25T07:34:05
================================================================================
[2026-02-25T07:35:05.714+0000] {manager.py:879} INFO - 
================================================================================
DAG File Processing Stats

File Path                                    PID  Runtime      # DAGs    # Errors  Last Runtime    Last Run
-----------------------------------------  -----  ---------  --------  ----------  --------------  -------------------
/opt/airflow/dags/kafka_to_elastic_dag.py    212  0.01s             0           1  0.08s           2026-02-25T07:34:35
================================================================================
[2026-02-25T07:35:33.955+0000] {manager.py:738} INFO - Searching for files in /opt/airflow/dags
[2026-02-25T07:35:33.975+0000] {manager.py:741} INFO - There are 1 files in /opt/airflow/dags
[2026-02-25T07:35:36.014+0000] {manager.py:879} INFO - 
================================================================================
DAG File Processing Stats

File Path                                    PID  Runtime      # DAGs    # Errors  Last Runtime    Last Run
-----------------------------------------  -----  ---------  --------  ----------  --------------  -------------------
/opt/airflow/dags/kafka_to_elastic_dag.py    217  0.00s             0           1  0.12s           2026-02-25T07:35:05
================================================================================
[2026-02-25T07:36:06.244+0000] {manager.py:879} INFO - 
================================================================================
DAG File Processing Stats

File Path                                    PID  Runtime      # DAGs    # Errors  Last Runtime    Last Run
-----------------------------------------  -----  ---------  --------  ----------  --------------  -------------------
/opt/airflow/dags/kafka_to_elastic_dag.py    222  0.01s             0           1  0.07s           2026-02-25T07:35:36
================================================================================
[2026-02-25T07:36:36.491+0000] {manager.py:879} INFO - 
================================================================================
DAG File Processing Stats

File Path                                    PID  Runtime      # DAGs    # Errors  Last Runtime    Last Run
-----------------------------------------  -----  ---------  --------  ----------  --------------  -------------------
/opt/airflow/dags/kafka_to_elastic_dag.py    227  0.00s             0           1  0.08s           2026-02-25T07:36:06
================================================================================
[2026-02-25T07:36:56.137+0000] {manager.py:451} INFO - Exiting gracefully upon receiving signal 15
[2026-02-25T07:50:04.348+0000] {manager.py:469} INFO - Processing files using up to 2 processes at a time 
[2026-02-25T07:50:04.350+0000] {manager.py:470} INFO - Process each file at most once every 30 seconds
[2026-02-25T07:50:04.351+0000] {manager.py:471} INFO - Checking for new files in /opt/airflow/dags every 300 seconds
[2026-02-25T07:50:04.352+0000] {manager.py:738} INFO - Searching for files in /opt/airflow/dags
[2026-02-25T07:50:04.392+0000] {manager.py:741} INFO - There are 1 files in /opt/airflow/dags
[2026-02-25T07:50:04.587+0000] {manager.py:879} INFO - 
================================================================================
DAG File Processing Stats

File Path                                    PID  Runtime      # DAGs    # Errors  Last Runtime    Last Run
-----------------------------------------  -----  ---------  --------  ----------  --------------  ----------
/opt/airflow/dags/kafka_to_elastic_dag.py    167  0.08s             0           0
================================================================================
[2026-02-25T07:50:34.829+0000] {manager.py:879} INFO - 
================================================================================
DAG File Processing Stats

File Path                                    PID  Runtime      # DAGs    # Errors  Last Runtime    Last Run
-----------------------------------------  -----  ---------  --------  ----------  --------------  -------------------
/opt/airflow/dags/kafka_to_elastic_dag.py    172  0.01s             0           1  0.15s           2026-02-25T07:50:04
================================================================================
[2026-02-25T07:51:05.116+0000] {manager.py:879} INFO - 
================================================================================
DAG File Processing Stats

File Path                                    PID  Runtime      # DAGs    # Errors  Last Runtime    Last Run
-----------------------------------------  -----  ---------  --------  ----------  --------------  -------------------
/opt/airflow/dags/kafka_to_elastic_dag.py    177  0.00s             0           1  0.13s           2026-02-25T07:50:34
================================================================================
[2026-02-25T07:51:35.362+0000] {manager.py:879} INFO - 
================================================================================
DAG File Processing Stats

File Path                                    PID  Runtime      # DAGs    # Errors  Last Runtime    Last Run
-----------------------------------------  -----  ---------  --------  ----------  --------------  -------------------
/opt/airflow/dags/kafka_to_elastic_dag.py    182  0.01s             0           1  0.07s           2026-02-25T07:51:05
================================================================================
[2026-02-25T07:52:05.586+0000] {manager.py:879} INFO - 
================================================================================
DAG File Processing Stats

File Path                                    PID  Runtime      # DAGs    # Errors  Last Runtime    Last Run
-----------------------------------------  -----  ---------  --------  ----------  --------------  -------------------
/opt/airflow/dags/kafka_to_elastic_dag.py    187  0.00s             0           1  0.10s           2026-02-25T07:51:35
================================================================================
[2026-02-25T07:52:35.862+0000] {manager.py:879} INFO - 
================================================================================
DAG File Processing Stats

File Path                                    PID  Runtime      # DAGs    # Errors  Last Runtime    Last Run
-----------------------------------------  -----  ---------  --------  ----------  --------------  -------------------
/opt/airflow/dags/kafka_to_elastic_dag.py    192  0.00s             0           1  0.08s           2026-02-25T07:52:05
================================================================================
[2026-02-25T07:53:06.101+0000] {manager.py:879} INFO - 
================================================================================
DAG File Processing Stats

File Path                                    PID  Runtime      # DAGs    # Errors  Last Runtime    Last Run
-----------------------------------------  -----  ---------  --------  ----------  --------------  -------------------
/opt/airflow/dags/kafka_to_elastic_dag.py    197  0.00s             0           1  0.08s           2026-02-25T07:52:35
================================================================================
[2026-02-25T07:53:36.374+0000] {manager.py:879} INFO - 
================================================================================
DAG File Processing Stats

File Path                                    PID  Runtime      # DAGs    # Errors  Last Runtime    Last Run
-----------------------------------------  -----  ---------  --------  ----------  --------------  -------------------
/opt/airflow/dags/kafka_to_elastic_dag.py    202  0.00s             0           1  0.07s           2026-02-25T07:53:06
================================================================================
[2026-02-25T07:54:06.622+0000] {manager.py:879} INFO - 
================================================================================
DAG File Processing Stats

File Path                                    PID  Runtime      # DAGs    # Errors  Last Runtime    Last Run
-----------------------------------------  -----  ---------  --------  ----------  --------------  -------------------
/opt/airflow/dags/kafka_to_elastic_dag.py    207  0.00s             0           1  0.07s           2026-02-25T07:53:36
================================================================================
[2026-02-25T07:54:36.861+0000] {manager.py:879} INFO - 
================================================================================
DAG File Processing Stats

File Path                                    PID  Runtime      # DAGs    # Errors  Last Runtime    Last Run
-----------------------------------------  -----  ---------  --------  ----------  --------------  -------------------
/opt/airflow/dags/kafka_to_elastic_dag.py    212  0.01s             0           1  0.09s           2026-02-25T07:54:06
================================================================================
[2026-02-25T07:55:05.113+0000] {manager.py:738} INFO - Searching for files in /opt/airflow/dags
[2026-02-25T07:55:05.138+0000] {manager.py:741} INFO - There are 1 files in /opt/airflow/dags
[2026-02-25T07:55:07.182+0000] {manager.py:879} INFO - 
================================================================================
DAG File Processing Stats

File Path                                    PID  Runtime      # DAGs    # Errors  Last Runtime    Last Run
-----------------------------------------  -----  ---------  --------  ----------  --------------  -------------------
/opt/airflow/dags/kafka_to_elastic_dag.py    217  0.01s             0           1  0.21s           2026-02-25T07:54:37
================================================================================
[2026-02-25T07:55:37.491+0000] {manager.py:879} INFO - 
================================================================================
DAG File Processing Stats

File Path                                    PID  Runtime      # DAGs    # Errors  Last Runtime    Last Run
-----------------------------------------  -----  ---------  --------  ----------  --------------  -------------------
/opt/airflow/dags/kafka_to_elastic_dag.py    222  0.01s             0           1  0.08s           2026-02-25T07:55:07
================================================================================
[2026-02-25T07:56:07.743+0000] {manager.py:879} INFO - 
================================================================================
DAG File Processing Stats

File Path                                    PID  Runtime      # DAGs    # Errors  Last Runtime    Last Run
-----------------------------------------  -----  ---------  --------  ----------  --------------  -------------------
/opt/airflow/dags/kafka_to_elastic_dag.py    227  0.00s             0           1  0.10s           2026-02-25T07:55:37
================================================================================
[2026-02-25T07:56:37.986+0000] {manager.py:879} INFO - 
================================================================================
DAG File Processing Stats

File Path                                    PID  Runtime      # DAGs    # Errors  Last Runtime    Last Run
-----------------------------------------  -----  ---------  --------  ----------  --------------  -------------------
/opt/airflow/dags/kafka_to_elastic_dag.py    232  0.00s             0           1  0.08s           2026-02-25T07:56:07
================================================================================
[2026-02-25T07:57:08.225+0000] {manager.py:879} INFO - 
================================================================================
DAG File Processing Stats

File Path                                    PID  Runtime      # DAGs    # Errors  Last Runtime    Last Run
-----------------------------------------  -----  ---------  --------  ----------  --------------  -------------------
/opt/airflow/dags/kafka_to_elastic_dag.py    237  0.00s             0           1  0.08s           2026-02-25T07:56:38
================================================================================
[2026-02-25T07:57:38.434+0000] {manager.py:879} INFO - 
================================================================================
DAG File Processing Stats

File Path                                    PID  Runtime      # DAGs    # Errors  Last Runtime    Last Run
-----------------------------------------  -----  ---------  --------  ----------  --------------  -------------------
/opt/airflow/dags/kafka_to_elastic_dag.py    242  0.00s             0           1  0.07s           2026-02-25T07:57:08
================================================================================
[2026-02-25T07:58:08.675+0000] {manager.py:879} INFO - 
================================================================================
DAG File Processing Stats

File Path                                    PID  Runtime      # DAGs    # Errors  Last Runtime    Last Run
-----------------------------------------  -----  ---------  --------  ----------  --------------  -------------------
/opt/airflow/dags/kafka_to_elastic_dag.py    247  0.00s             0           1  0.08s           2026-02-25T07:57:38
================================================================================
[2026-02-25T07:58:14.435+0000] {manager.py:451} INFO - Exiting gracefully upon receiving signal 15
[2026-02-25T07:58:52.337+0000] {manager.py:469} INFO - Processing files using up to 2 processes at a time 
[2026-02-25T07:58:52.339+0000] {manager.py:470} INFO - Process each file at most once every 30 seconds
[2026-02-25T07:58:52.339+0000] {manager.py:471} INFO - Checking for new files in /opt/airflow/dags every 300 seconds
[2026-02-25T07:58:52.340+0000] {manager.py:738} INFO - Searching for files in /opt/airflow/dags
[2026-02-25T07:58:52.378+0000] {manager.py:741} INFO - There are 1 files in /opt/airflow/dags
[2026-02-25T07:58:52.525+0000] {manager.py:879} INFO - 
================================================================================
DAG File Processing Stats

File Path                                    PID  Runtime      # DAGs    # Errors  Last Runtime    Last Run
-----------------------------------------  -----  ---------  --------  ----------  --------------  ----------
/opt/airflow/dags/kafka_to_elastic_dag.py    167  0.07s             0           0
================================================================================
[2026-02-25T07:59:22.789+0000] {manager.py:879} INFO - 
================================================================================
DAG File Processing Stats

File Path                                    PID  Runtime      # DAGs    # Errors  Last Runtime    Last Run
-----------------------------------------  -----  ---------  --------  ----------  --------------  -------------------
/opt/airflow/dags/kafka_to_elastic_dag.py    172  0.01s             0           1  0.13s           2026-02-25T07:58:52
================================================================================
[2026-02-25T07:59:53.037+0000] {manager.py:879} INFO - 
================================================================================
DAG File Processing Stats

File Path                                    PID  Runtime      # DAGs    # Errors  Last Runtime    Last Run
-----------------------------------------  -----  ---------  --------  ----------  --------------  -------------------
/opt/airflow/dags/kafka_to_elastic_dag.py    177  0.00s             0           1  0.08s           2026-02-25T07:59:22
================================================================================
[2026-02-25T08:00:14.521+0000] {manager.py:451} INFO - Exiting gracefully upon receiving signal 15
[2026-02-25T08:01:05.320+0000] {manager.py:469} INFO - Processing files using up to 2 processes at a time 
[2026-02-25T08:01:05.321+0000] {manager.py:470} INFO - Process each file at most once every 30 seconds
[2026-02-25T08:01:05.322+0000] {manager.py:471} INFO - Checking for new files in /opt/airflow/dags every 300 seconds
[2026-02-25T08:01:05.323+0000] {manager.py:738} INFO - Searching for files in /opt/airflow/dags
[2026-02-25T08:01:05.353+0000] {manager.py:741} INFO - There are 1 files in /opt/airflow/dags
[2026-02-25T08:01:05.518+0000] {manager.py:879} INFO - 
================================================================================
DAG File Processing Stats

File Path                                    PID  Runtime      # DAGs    # Errors  Last Runtime    Last Run
-----------------------------------------  -----  ---------  --------  ----------  --------------  ----------
/opt/airflow/dags/kafka_to_elastic_dag.py    167  0.09s             0           0
================================================================================
[2026-02-25T08:01:35.789+0000] {manager.py:879} INFO - 
================================================================================
DAG File Processing Stats

File Path                                    PID  Runtime      # DAGs    # Errors  Last Runtime    Last Run
-----------------------------------------  -----  ---------  --------  ----------  --------------  -------------------
/opt/airflow/dags/kafka_to_elastic_dag.py    172  0.00s             0           1  0.16s           2026-02-25T08:01:05
================================================================================
[2026-02-25T08:02:06.039+0000] {manager.py:879} INFO - 
================================================================================
DAG File Processing Stats

File Path                                    PID  Runtime      # DAGs    # Errors  Last Runtime    Last Run
-----------------------------------------  -----  ---------  --------  ----------  --------------  -------------------
/opt/airflow/dags/kafka_to_elastic_dag.py    177  0.00s             0           1  0.07s           2026-02-25T08:01:35
================================================================================
[2026-02-25T08:02:36.283+0000] {manager.py:879} INFO - 
================================================================================
DAG File Processing Stats

File Path                                    PID  Runtime      # DAGs    # Errors  Last Runtime    Last Run
-----------------------------------------  -----  ---------  --------  ----------  --------------  -------------------
/opt/airflow/dags/kafka_to_elastic_dag.py    182  0.00s             0           1  0.07s           2026-02-25T08:02:06
================================================================================
[2026-02-25T08:03:06.502+0000] {manager.py:879} INFO - 
================================================================================
DAG File Processing Stats

File Path                                    PID  Runtime      # DAGs    # Errors  Last Runtime    Last Run
-----------------------------------------  -----  ---------  --------  ----------  --------------  -------------------
/opt/airflow/dags/kafka_to_elastic_dag.py    187  0.00s             0           1  0.07s           2026-02-25T08:02:36
================================================================================
[2026-02-25T08:03:36.739+0000] {manager.py:879} INFO - 
================================================================================
DAG File Processing Stats

File Path                                    PID  Runtime      # DAGs    # Errors  Last Runtime    Last Run
-----------------------------------------  -----  ---------  --------  ----------  --------------  -------------------
/opt/airflow/dags/kafka_to_elastic_dag.py    192  0.00s             0           1  0.07s           2026-02-25T08:03:06
================================================================================
[2026-02-25T08:04:06.961+0000] {manager.py:879} INFO - 
================================================================================
DAG File Processing Stats

File Path                                    PID  Runtime      # DAGs    # Errors  Last Runtime    Last Run
-----------------------------------------  -----  ---------  --------  ----------  --------------  -------------------
/opt/airflow/dags/kafka_to_elastic_dag.py    197  0.00s             0           1  0.07s           2026-02-25T08:03:36
================================================================================
[2026-02-25T08:04:37.205+0000] {manager.py:879} INFO - 
================================================================================
DAG File Processing Stats

File Path                                    PID  Runtime      # DAGs    # Errors  Last Runtime    Last Run
-----------------------------------------  -----  ---------  --------  ----------  --------------  -------------------
/opt/airflow/dags/kafka_to_elastic_dag.py    202  0.01s             0           1  0.09s           2026-02-25T08:04:07
================================================================================
[2026-02-25T08:05:07.475+0000] {manager.py:879} INFO - 
================================================================================
DAG File Processing Stats

File Path                                    PID  Runtime      # DAGs    # Errors  Last Runtime    Last Run
-----------------------------------------  -----  ---------  --------  ----------  --------------  -------------------
/opt/airflow/dags/kafka_to_elastic_dag.py    207  0.00s             0           1  0.16s           2026-02-25T08:04:37
================================================================================
[2026-02-25T08:05:37.742+0000] {manager.py:879} INFO - 
================================================================================
DAG File Processing Stats

File Path                                    PID  Runtime      # DAGs    # Errors  Last Runtime    Last Run
-----------------------------------------  -----  ---------  --------  ----------  --------------  -------------------
/opt/airflow/dags/kafka_to_elastic_dag.py    212  0.00s             0           1  0.07s           2026-02-25T08:05:07
================================================================================
[2026-02-25T08:06:05.992+0000] {manager.py:738} INFO - Searching for files in /opt/airflow/dags
[2026-02-25T08:06:06.009+0000] {manager.py:741} INFO - There are 1 files in /opt/airflow/dags
[2026-02-25T08:06:08.041+0000] {manager.py:879} INFO - 
================================================================================
DAG File Processing Stats

File Path                                    PID  Runtime      # DAGs    # Errors  Last Runtime    Last Run
-----------------------------------------  -----  ---------  --------  ----------  --------------  -------------------
/opt/airflow/dags/kafka_to_elastic_dag.py    217  0.00s             0           1  0.07s           2026-02-25T08:05:37
================================================================================
[2026-02-25T08:06:38.332+0000] {manager.py:879} INFO - 
================================================================================
DAG File Processing Stats

File Path                                    PID  Runtime      # DAGs    # Errors  Last Runtime    Last Run
-----------------------------------------  -----  ---------  --------  ----------  --------------  -------------------
/opt/airflow/dags/kafka_to_elastic_dag.py    222  0.00s             0           1  0.08s           2026-02-25T08:06:08
================================================================================
[2026-02-25T08:07:08.601+0000] {manager.py:879} INFO - 
================================================================================
DAG File Processing Stats

File Path                                    PID  Runtime      # DAGs    # Errors  Last Runtime    Last Run
-----------------------------------------  -----  ---------  --------  ----------  --------------  -------------------
/opt/airflow/dags/kafka_to_elastic_dag.py    227  0.00s             0           1  0.07s           2026-02-25T08:06:38
================================================================================
[2026-02-25T08:07:38.867+0000] {manager.py:879} INFO - 
================================================================================
DAG File Processing Stats

File Path                                    PID  Runtime      # DAGs    # Errors  Last Runtime    Last Run
-----------------------------------------  -----  ---------  --------  ----------  --------------  -------------------
/opt/airflow/dags/kafka_to_elastic_dag.py    232  0.00s             0           1  0.06s           2026-02-25T08:07:08
================================================================================
[2026-02-25T08:08:09.145+0000] {manager.py:879} INFO - 
================================================================================
DAG File Processing Stats

File Path                                    PID  Runtime      # DAGs    # Errors  Last Runtime    Last Run
-----------------------------------------  -----  ---------  --------  ----------  --------------  -------------------
/opt/airflow/dags/kafka_to_elastic_dag.py    237  0.00s             0           1  0.08s           2026-02-25T08:07:38
================================================================================
[2026-02-25T08:08:39.422+0000] {manager.py:879} INFO - 
================================================================================
DAG File Processing Stats

File Path                                    PID  Runtime      # DAGs    # Errors  Last Runtime    Last Run
-----------------------------------------  -----  ---------  --------  ----------  --------------  -------------------
/opt/airflow/dags/kafka_to_elastic_dag.py    242  0.00s             0           1  0.07s           2026-02-25T08:08:09
================================================================================
[2026-02-25T08:09:09.672+0000] {manager.py:879} INFO - 
================================================================================
DAG File Processing Stats

File Path                                    PID  Runtime      # DAGs    # Errors  Last Runtime    Last Run
-----------------------------------------  -----  ---------  --------  ----------  --------------  -------------------
/opt/airflow/dags/kafka_to_elastic_dag.py    247  0.01s             0           1  0.07s           2026-02-25T08:08:39
================================================================================
[2026-02-25T08:09:39.875+0000] {manager.py:879} INFO - 
================================================================================
DAG File Processing Stats

File Path                                    PID  Runtime      # DAGs    # Errors  Last Runtime    Last Run
-----------------------------------------  -----  ---------  --------  ----------  --------------  -------------------
/opt/airflow/dags/kafka_to_elastic_dag.py    252  0.00s             0           1  0.11s           2026-02-25T08:09:09
================================================================================
[2026-02-25T08:10:10.129+0000] {manager.py:879} INFO - 
================================================================================
DAG File Processing Stats

File Path                                    PID  Runtime      # DAGs    # Errors  Last Runtime    Last Run
-----------------------------------------  -----  ---------  --------  ----------  --------------  -------------------
/opt/airflow/dags/kafka_to_elastic_dag.py    257  0.01s             0           1  0.11s           2026-02-25T08:09:39
================================================================================
[2026-02-25T08:10:40.378+0000] {manager.py:879} INFO - 
================================================================================
DAG File Processing Stats

File Path                                    PID  Runtime      # DAGs    # Errors  Last Runtime    Last Run
-----------------------------------------  -----  ---------  --------  ----------  --------------  -------------------
/opt/airflow/dags/kafka_to_elastic_dag.py    262  0.00s             0           1  0.09s           2026-02-25T08:10:10
================================================================================
[2026-02-25T08:11:06.606+0000] {manager.py:738} INFO - Searching for files in /opt/airflow/dags
[2026-02-25T08:11:06.623+0000] {manager.py:741} INFO - There are 1 files in /opt/airflow/dags
[2026-02-25T08:11:10.679+0000] {manager.py:879} INFO - 
================================================================================
DAG File Processing Stats

File Path                                    PID  Runtime      # DAGs    # Errors  Last Runtime    Last Run
-----------------------------------------  -----  ---------  --------  ----------  --------------  -------------------
/opt/airflow/dags/kafka_to_elastic_dag.py    267  0.00s             0           1  0.09s           2026-02-25T08:10:40
================================================================================
[2026-02-25T08:11:40.926+0000] {manager.py:879} INFO - 
================================================================================
DAG File Processing Stats

File Path                                    PID  Runtime      # DAGs    # Errors  Last Runtime    Last Run
-----------------------------------------  -----  ---------  --------  ----------  --------------  -------------------
/opt/airflow/dags/kafka_to_elastic_dag.py    272  0.00s             0           1  0.07s           2026-02-25T08:11:10
================================================================================
[2026-02-25T08:12:11.196+0000] {manager.py:879} INFO - 
================================================================================
DAG File Processing Stats

File Path                                    PID  Runtime      # DAGs    # Errors  Last Runtime    Last Run
-----------------------------------------  -----  ---------  --------  ----------  --------------  -------------------
/opt/airflow/dags/kafka_to_elastic_dag.py    277  0.00s             0           1  0.07s           2026-02-25T08:11:40
================================================================================
[2026-02-25T08:12:41.450+0000] {manager.py:879} INFO - 
================================================================================
DAG File Processing Stats

File Path                                    PID  Runtime      # DAGs    # Errors  Last Runtime    Last Run
-----------------------------------------  -----  ---------  --------  ----------  --------------  -------------------
/opt/airflow/dags/kafka_to_elastic_dag.py    282  0.00s             0           1  0.08s           2026-02-25T08:12:11
================================================================================
[2026-02-25T08:13:11.719+0000] {manager.py:879} INFO - 
================================================================================
DAG File Processing Stats

File Path                                    PID  Runtime      # DAGs    # Errors  Last Runtime    Last Run
-----------------------------------------  -----  ---------  --------  ----------  --------------  -------------------
/opt/airflow/dags/kafka_to_elastic_dag.py    287  0.00s             0           1  0.07s           2026-02-25T08:12:41
================================================================================
