[2026-02-25T10:47:26.287+0000] {taskinstance.py:1956} INFO - Dependencies all met for dep_context=non-requeueable deps ti=<TaskInstance: consumer_batch_dag.run_consumer_batch manual__2026-02-25T10:47:25.136461+00:00 [queued]>
[2026-02-25T10:47:26.298+0000] {taskinstance.py:1956} INFO - Dependencies all met for dep_context=requeueable deps ti=<TaskInstance: consumer_batch_dag.run_consumer_batch manual__2026-02-25T10:47:25.136461+00:00 [queued]>
[2026-02-25T10:47:26.299+0000] {taskinstance.py:2170} INFO - Starting attempt 1 of 1
[2026-02-25T10:47:26.319+0000] {taskinstance.py:2191} INFO - Executing <Task(BashOperator): run_consumer_batch> on 2026-02-25 10:47:25.136461+00:00
[2026-02-25T10:47:26.323+0000] {standard_task_runner.py:60} INFO - Started process 198 to run task
[2026-02-25T10:47:26.326+0000] {standard_task_runner.py:87} INFO - Running: ['***', 'tasks', 'run', 'consumer_batch_dag', 'run_consumer_batch', 'manual__2026-02-25T10:47:25.136461+00:00', '--job-id', '2', '--raw', '--subdir', 'DAGS_FOLDER/consumer_batch_dag.py', '--cfg-path', '/tmp/tmp5m8uuu20']
[2026-02-25T10:47:26.330+0000] {standard_task_runner.py:88} INFO - Job 2: Subtask run_consumer_batch
[2026-02-25T10:47:26.394+0000] {task_command.py:423} INFO - Running <TaskInstance: consumer_batch_dag.run_consumer_batch manual__2026-02-25T10:47:25.136461+00:00 [running]> on host c632d77f4c96
[2026-02-25T10:47:26.488+0000] {taskinstance.py:2480} INFO - Exporting env vars: AIRFLOW_CTX_DAG_OWNER='***' AIRFLOW_CTX_DAG_ID='consumer_batch_dag' AIRFLOW_CTX_TASK_ID='run_consumer_batch' AIRFLOW_CTX_EXECUTION_DATE='2026-02-25T10:47:25.136461+00:00' AIRFLOW_CTX_TRY_NUMBER='1' AIRFLOW_CTX_DAG_RUN_ID='manual__2026-02-25T10:47:25.136461+00:00'
[2026-02-25T10:47:26.490+0000] {subprocess.py:63} INFO - Tmp dir root location: /tmp
[2026-02-25T10:47:26.491+0000] {subprocess.py:75} INFO - Running command: ['/usr/bin/bash', '-c', 'python /opt/***/scripts/consumer_batch.py']
[2026-02-25T10:47:26.501+0000] {subprocess.py:86} INFO - Output:
[2026-02-25T10:47:26.541+0000] {subprocess.py:93} INFO - Traceback (most recent call last):
[2026-02-25T10:47:26.542+0000] {subprocess.py:93} INFO -   File "/opt/***/scripts/consumer_batch.py", line 3, in <module>
[2026-02-25T10:47:26.542+0000] {subprocess.py:93} INFO -     from kafka import KafkaConsumer
[2026-02-25T10:47:26.543+0000] {subprocess.py:93} INFO - ModuleNotFoundError: No module named 'kafka'
[2026-02-25T10:47:26.543+0000] {subprocess.py:97} INFO - Command exited with return code 1
[2026-02-25T10:47:26.554+0000] {taskinstance.py:2698} ERROR - Task failed with exception
Traceback (most recent call last):
  File "/home/airflow/.local/lib/python3.8/site-packages/airflow/models/taskinstance.py", line 433, in _execute_task
    result = execute_callable(context=context, **execute_callable_kwargs)
  File "/home/airflow/.local/lib/python3.8/site-packages/airflow/operators/bash.py", line 212, in execute
    raise AirflowException(
airflow.exceptions.AirflowException: Bash command failed. The command returned a non-zero exit code 1.
[2026-02-25T10:47:26.558+0000] {taskinstance.py:1138} INFO - Marking task as FAILED. dag_id=consumer_batch_dag, task_id=run_consumer_batch, execution_date=20260225T104725, start_date=20260225T104726, end_date=20260225T104726
[2026-02-25T10:47:26.574+0000] {standard_task_runner.py:107} ERROR - Failed to execute job 2 for task run_consumer_batch (Bash command failed. The command returned a non-zero exit code 1.; 198)
[2026-02-25T10:47:26.621+0000] {local_task_job_runner.py:234} INFO - Task exited with return code 1
[2026-02-25T10:47:26.637+0000] {taskinstance.py:3280} INFO - 0 downstream tasks scheduled from follow-on schedule check
